2026-05-16 20:54:46 [background-preinit] INFO  o.h.validator.internal.util.Version - HV000001: Hibernate Validator 8.0.1.Final
2026-05-16 20:54:46 [restartedMain] INFO  c.bank.auth.AuthServiceApplication - Starting AuthServiceApplication using Java 21.0.6 with PID 18612 (C:\Capgemini Project\Auth_Service\target\classes started by admin in C:\Capgemini Project\Auth_Service)
2026-05-16 20:54:46 [restartedMain] INFO  c.bank.auth.AuthServiceApplication - No active profile set, falling back to 1 default profile: "default"
2026-05-16 20:54:47 [restartedMain] INFO  o.s.b.d.e.DevToolsPropertyDefaultsPostProcessor - Devtools property defaults active! Set 'spring.devtools.add-properties' to 'false' to disable
2026-05-16 20:54:47 [restartedMain] INFO  o.s.b.d.e.DevToolsPropertyDefaultsPostProcessor - For additional web related logging consider setting the 'logging.level.web' property to 'DEBUG'
2026-05-16 20:54:48 [restartedMain] INFO  o.s.d.r.c.RepositoryConfigurationDelegate - Bootstrapping Spring Data JPA repositories in DEFAULT mode.
2026-05-16 20:54:48 [restartedMain] INFO  o.s.d.r.c.RepositoryConfigurationDelegate - Finished Spring Data repository scanning in 177 ms. Found 1 JPA repository interface.
2026-05-16 20:54:49 [restartedMain] INFO  o.s.cloud.context.scope.GenericScope - BeanFactory id=3c167015-a238-3c35-8b24-7af74ba29d85
2026-05-16 20:54:49 [restartedMain] WARN  o.s.c.s.PostProcessorRegistrationDelegate$BeanPostProcessorChecker - Bean 'org.springframework.cloud.client.loadbalancer.LoadBalancerAutoConfiguration$DeferringLoadBalancerInterceptorConfig' of type [org.springframework.cloud.client.loadbalancer.LoadBalancerAutoConfiguration$DeferringLoadBalancerInterceptorConfig] is not eligible for getting processed by all BeanPostProcessors (for example: not eligible for auto-proxying). The currently created BeanPostProcessor [lbRestClientPostProcessor] is declared through a non-static factory method on that class; consider declaring it as static instead.
2026-05-16 20:54:49 [restartedMain] WARN  o.s.c.s.PostProcessorRegistrationDelegate$BeanPostProcessorChecker - Bean 'deferringLoadBalancerInterceptor' of type [org.springframework.cloud.client.loadbalancer.DeferringLoadBalancerInterceptor] is not eligible for getting processed by all BeanPostProcessors (for example: not eligible for auto-proxying). Is this bean getting eagerly injected into a currently created BeanPostProcessor [lbRestClientPostProcessor]? Check the corresponding BeanPostProcessor declaration and its dependencies.
2026-05-16 20:54:50 [restartedMain] INFO  o.s.b.w.e.tomcat.TomcatWebServer - Tomcat initialized with port 8081 (http)
2026-05-16 20:54:50 [restartedMain] INFO  o.a.coyote.http11.Http11NioProtocol - Initializing ProtocolHandler ["http-nio-8081"]
2026-05-16 20:54:50 [restartedMain] INFO  o.a.catalina.core.StandardService - Starting service [Tomcat]
2026-05-16 20:54:50 [restartedMain] INFO  o.a.catalina.core.StandardEngine - Starting Servlet engine: [Apache Tomcat/10.1.20]
2026-05-16 20:54:50 [restartedMain] INFO  o.a.c.c.C.[Tomcat].[localhost].[/] - Initializing Spring embedded WebApplicationContext
2026-05-16 20:54:50 [restartedMain] INFO  o.s.b.w.s.c.ServletWebServerApplicationContext - Root WebApplicationContext: initialization completed in 3783 ms
2026-05-16 20:54:50 [restartedMain] DEBUG o.s.web.filter.ForwardedHeaderFilter - Filter 'forwardedHeaderFilter' configured for use
2026-05-16 20:54:51 [restartedMain] INFO  o.h.jpa.internal.util.LogHelper - HHH000204: Processing PersistenceUnitInfo [name: default]
2026-05-16 20:54:51 [restartedMain] INFO  org.hibernate.Version - HHH000412: Hibernate ORM core version 6.4.4.Final
2026-05-16 20:54:51 [restartedMain] INFO  o.h.c.i.RegionFactoryInitiator - HHH000026: Second-level cache disabled
2026-05-16 20:54:51 [restartedMain] INFO  o.s.o.j.p.SpringPersistenceUnitInfo - No LoadTimeWeaver setup: ignoring JPA class transformer
2026-05-16 20:54:51 [restartedMain] INFO  com.zaxxer.hikari.HikariDataSource - HikariPool-1 - Starting...
2026-05-16 20:54:52 [restartedMain] INFO  com.zaxxer.hikari.pool.HikariPool - HikariPool-1 - Added connection com.mysql.cj.jdbc.ConnectionImpl@584356d1
2026-05-16 20:54:52 [restartedMain] INFO  com.zaxxer.hikari.HikariDataSource - HikariPool-1 - Start completed.
2026-05-16 20:54:54 [restartedMain] INFO  o.h.e.t.j.p.i.JtaPlatformInitiator - HHH000489: No JTA platform available (set 'hibernate.transaction.jta.platform' to enable JTA platform integration)
2026-05-16 20:54:55 [restartedMain] INFO  o.s.o.j.LocalContainerEntityManagerFactoryBean - Initialized JPA EntityManagerFactory for persistence unit 'default'
2026-05-16 20:54:59 [restartedMain] WARN  o.s.b.a.o.j.JpaBaseConfiguration$JpaWebConfiguration - spring.jpa.open-in-view is enabled by default. Therefore, database queries may be performed during view rendering. Explicitly configure spring.jpa.open-in-view to disable this warning
2026-05-16 20:55:00 [restartedMain] INFO  o.s.b.d.a.OptionalLiveReloadServer - LiveReload server is running on port 35729
2026-05-16 20:55:00 [restartedMain] DEBUG o.s.c.n.e.m.DefaultManagementMetadataProvider - Constructed eureka meta-data healthcheckUrl: http://192.168.31.63:8081/actuator/health
2026-05-16 20:55:00 [restartedMain] DEBUG o.s.c.n.e.m.DefaultManagementMetadataProvider - Constructed eureka meta-data statusPageUrl: http://192.168.31.63:8081/actuator/info
2026-05-16 20:55:01 [restartedMain] INFO  o.s.c.o.FeignClientFactoryBean - For 'BANK-USER-SERVICE' URL not provided. Will try picking an instance via load-balancing.
2026-05-16 20:55:01 [restartedMain] INFO  o.s.c.o.FeignClientFactoryBean - For 'NOTIFICATION-SERVICE' URL not provided. Will try picking an instance via load-balancing.
2026-05-16 20:55:02 [restartedMain] DEBUG o.s.w.s.m.m.a.RequestMappingHandlerMapping - 11 mappings in 'requestMappingHandlerMapping'
2026-05-16 20:55:03 [restartedMain] DEBUG o.s.w.s.h.SimpleUrlHandlerMapping - Patterns [/webjars/**, /**, /swagger-ui*/*swagger-initializer.js, /swagger-ui*/**] in 'resourceHandlerMapping'
2026-05-16 20:55:04 [restartedMain] DEBUG o.s.w.s.m.m.a.RequestMappingHandlerAdapter - ControllerAdvice beans: 0 @ModelAttribute, 0 @InitBinder, 1 RequestBodyAdvice, 1 ResponseBodyAdvice
2026-05-16 20:55:04 [restartedMain] DEBUG o.s.w.s.m.m.a.ExceptionHandlerExceptionResolver - ControllerAdvice beans: 2 @ExceptionHandler, 1 ResponseBodyAdvice
2026-05-16 20:55:06 [restartedMain] INFO  o.s.c.n.e.c.DiscoveryClientOptionalArgsConfiguration - Eureka HTTP Client uses RestTemplate.
2026-05-16 20:55:06 [restartedMain] WARN  o.s.c.l.c.LoadBalancerCacheAutoConfiguration$LoadBalancerCaffeineWarnLogger - Spring Cloud LoadBalancer is currently working with the default cache. While this cache implementation is useful for development and tests, it's recommended to use Caffeine cache in production.You can switch to using Caffeine cache, by adding it and org.springframework.cache.caffeine.CaffeineCacheManager to the classpath.
2026-05-16 20:55:07 [restartedMain] INFO  o.s.c.n.eureka.InstanceInfoFactory - Setting initial instance status as: STARTING
2026-05-16 20:55:07 [restartedMain] INFO  c.netflix.discovery.DiscoveryClient - Initializing Eureka in region us-east-1
2026-05-16 20:55:07 [restartedMain] INFO  c.n.d.s.r.aws.ConfigClusterResolver - Resolving eureka endpoints via configuration
2026-05-16 20:55:07 [restartedMain] INFO  c.netflix.discovery.DiscoveryClient - Disable delta property : false
2026-05-16 20:55:07 [restartedMain] INFO  c.netflix.discovery.DiscoveryClient - Single vip registry refresh property : null
2026-05-16 20:55:07 [restartedMain] INFO  c.netflix.discovery.DiscoveryClient - Force full registry fetch : false
2026-05-16 20:55:07 [restartedMain] INFO  c.netflix.discovery.DiscoveryClient - Application is null : false
2026-05-16 20:55:07 [restartedMain] INFO  c.netflix.discovery.DiscoveryClient - Registered Applications size is zero : true
2026-05-16 20:55:07 [restartedMain] INFO  c.netflix.discovery.DiscoveryClient - Application version is -1: true
2026-05-16 20:55:07 [restartedMain] INFO  c.netflix.discovery.DiscoveryClient - Getting all instance registry info from the eureka server
2026-05-16 20:55:07 [restartedMain] DEBUG o.s.web.client.RestTemplate - HTTP GET http://localhost:8761/eureka/apps/
2026-05-16 20:55:07 [restartedMain] DEBUG o.s.web.client.RestTemplate - Accept=[application/json, application/*+json]
2026-05-16 20:55:08 [restartedMain] INFO  c.n.d.s.t.d.RedirectingEurekaHttpClient - Request execution error. endpoint=DefaultEndpoint{ serviceUrl='http://localhost:8761/eureka/}, exception=I/O error on GET request for "http://localhost:8761/eureka/apps/": Connect to http://localhost:8761 [localhost/127.0.0.1, localhost/0:0:0:0:0:0:0:1] failed: Connection refused: getsockopt stacktrace=org.springframework.web.client.ResourceAccessException: I/O error on GET request for "http://localhost:8761/eureka/apps/": Connect to http://localhost:8761 [localhost/127.0.0.1, localhost/0:0:0:0:0:0:0:1] failed: Connection refused: getsockopt
	at org.springframework.web.client.RestTemplate.createResourceAccessException(RestTemplate.java:915)
	at org.springframework.web.client.RestTemplate.doExecute(RestTemplate.java:895)
	at org.springframework.web.client.RestTemplate.execute(RestTemplate.java:790)
	at org.springframework.web.client.RestTemplate.exchange(RestTemplate.java:672)
	at org.springframework.cloud.netflix.eureka.http.RestTemplateEurekaHttpClient.getApplicationsInternal(RestTemplateEurekaHttpClient.java:145)
	at org.springframework.cloud.netflix.eureka.http.RestTemplateEurekaHttpClient.getApplications(RestTemplateEurekaHttpClient.java:135)
	at com.netflix.discovery.shared.transport.decorator.EurekaHttpClientDecorator$6.execute(EurekaHttpClientDecorator.java:137)
	at com.netflix.discovery.shared.transport.decorator.RedirectingEurekaHttpClient.executeOnNewServer(RedirectingEurekaHttpClient.java:121)
	at com.netflix.discovery.shared.transport.decorator.RedirectingEurekaHttpClient.execute(RedirectingEurekaHttpClient.java:80)
	at com.netflix.discovery.shared.transport.decorator.EurekaHttpClientDecorator.getApplications(EurekaHttpClientDecorator.java:134)
	at com.netflix.discovery.shared.transport.decorator.EurekaHttpClientDecorator$6.execute(EurekaHttpClientDecorator.java:137)
	at com.netflix.discovery.shared.transport.decorator.RetryableEurekaHttpClient.execute(RetryableEurekaHttpClient.java:120)
	at com.netflix.discovery.shared.transport.decorator.EurekaHttpClientDecorator.getApplications(EurekaHttpClientDecorator.java:134)
	at com.netflix.discovery.shared.transport.decorator.EurekaHttpClientDecorator$6.execute(EurekaHttpClientDecorator.java:137)
	at com.netflix.discovery.shared.transport.decorator.SessionedEurekaHttpClient.execute(SessionedEurekaHttpClient.java:77)
	at com.netflix.discovery.shared.transport.decorator.EurekaHttpClientDecorator.getApplications(EurekaHttpClientDecorator.java:134)
	at com.netflix.discovery.DiscoveryClient.getAndStoreFullRegistry(DiscoveryClient.java:1045)
	at com.netflix.discovery.DiscoveryClient.fetchRegistry(DiscoveryClient.java:958)
	at com.netflix.discovery.DiscoveryClient.<init>(DiscoveryClient.java:396)
	at com.netflix.discovery.DiscoveryClient.<init>(DiscoveryClient.java:247)
	at com.netflix.discovery.DiscoveryClient.<init>(DiscoveryClient.java:242)
	at org.springframework.cloud.netflix.eureka.CloudEurekaClient.<init>(CloudEurekaClient.java:68)
	at org.springframework.cloud.netflix.eureka.EurekaClientAutoConfiguration$RefreshableEurekaClientConfiguration.eurekaClient(EurekaClientAutoConfiguration.java:321)
	at java.base/jdk.internal.reflect.DirectMethodHandleAccessor.invoke(DirectMethodHandleAccessor.java:103)
	at java.base/java.lang.reflect.Method.invoke(Method.java:580)
	at org.springframework.beans.factory.support.SimpleInstantiationStrategy.instantiate(SimpleInstantiationStrategy.java:140)
	at org.springframework.beans.factory.support.ConstructorResolver.instantiate(ConstructorResolver.java:644)
	at org.springframework.beans.factory.support.ConstructorResolver.instantiateUsingFactoryMethod(ConstructorResolver.java:636)
	at org.springframework.beans.factory.support.AbstractAutowireCapableBeanFactory.instantiateUsingFactoryMethod(AbstractAutowireCapableBeanFactory.java:1335)
	at org.springframework.beans.factory.support.AbstractAutowireCapableBeanFactory.createBeanInstance(AbstractAutowireCapableBeanFactory.java:1165)
	at org.springframework.beans.factory.support.AbstractAutowireCapableBeanFactory.doCreateBean(AbstractAutowireCapableBeanFactory.java:562)
	at org.springframework.beans.factory.support.AbstractAutowireCapableBeanFactory.createBean(AbstractAutowireCapableBeanFactory.java:522)
	at org.springframework.beans.factory.support.AbstractBeanFactory.lambda$doGetBean$1(AbstractBeanFactory.java:365)
	at org.springframework.cloud.context.scope.GenericScope$BeanLifecycleWrapper.getBean(GenericScope.java:375)
	at org.springframework.cloud.context.scope.GenericScope.get(GenericScope.java:179)
	at org.springframework.beans.factory.support.AbstractBeanFactory.doGetBean(AbstractBeanFactory.java:362)
	at org.springframework.beans.factory.support.AbstractBeanFactory.getBean(AbstractBeanFactory.java:200)
	at org.springframework.aop.target.SimpleBeanTargetSource.getTarget(SimpleBeanTargetSource.java:35)
	at org.springframework.cloud.netflix.eureka.serviceregistry.EurekaRegistration.getTargetObject(EurekaRegistration.java:128)
	at org.springframework.cloud.netflix.eureka.serviceregistry.EurekaRegistration.getEurekaClient(EurekaRegistration.java:116)
	at java.base/jdk.internal.reflect.DirectMethodHandleAccessor.invoke(DirectMethodHandleAccessor.java:103)
	at java.base/java.lang.reflect.Method.invoke(Method.java:580)
	at org.springframework.util.ReflectionUtils.invokeMethod(ReflectionUtils.java:281)
	at org.springframework.cloud.context.scope.GenericScope$LockedScopedProxyFactoryBean.invoke(GenericScope.java:482)
	at org.springframework.aop.framework.ReflectiveMethodInvocation.proceed(ReflectiveMethodInvocation.java:184)
	at org.springframework.aop.framework.CglibAopProxy$CglibMethodInvocation.proceed(CglibAopProxy.java:768)
	at org.springframework.aop.framework.CglibAopProxy$DynamicAdvisedInterceptor.intercept(CglibAopProxy.java:720)
	at org.springframework.cloud.netflix.eureka.serviceregistry.EurekaRegistration$$SpringCGLIB$$0.getEurekaClient(<generated>)
	at org.springframework.cloud.netflix.eureka.serviceregistry.EurekaServiceRegistry.maybeInitializeClient(EurekaServiceRegistry.java:83)
	at org.springframework.cloud.netflix.eureka.serviceregistry.EurekaServiceRegistry.register(EurekaServiceRegistry.java:66)
	at org.springframework.cloud.netflix.eureka.serviceregistry.EurekaAutoServiceRegistration.start(EurekaAutoServiceRegistration.java:89)
	at org.springframework.context.support.DefaultLifecycleProcessor.doStart(DefaultLifecycleProcessor.java:288)
	at org.springframework.context.support.DefaultLifecycleProcessor$LifecycleGroup.start(DefaultLifecycleProcessor.java:471)
	at java.base/java.lang.Iterable.forEach(Iterable.java:75)
	at org.springframework.context.support.DefaultLifecycleProcessor.startBeans(DefaultLifecycleProcessor.java:260)
	at org.springframework.context.support.DefaultLifecycleProcessor.onRefresh(DefaultLifecycleProcessor.java:205)
	at org.springframework.context.support.AbstractApplicationContext.finishRefresh(AbstractApplicationContext.java:981)
	at org.springframework.context.support.AbstractApplicationContext.refresh(AbstractApplicationContext.java:627)
	at org.springframework.boot.web.servlet.context.ServletWebServerApplicationContext.refresh(ServletWebServerApplicationContext.java:146)
	at org.springframework.boot.SpringApplication.refresh(SpringApplication.java:754)
	at org.springframework.boot.SpringApplication.refreshContext(SpringApplication.java:456)
	at org.springframework.boot.SpringApplication.run(SpringApplication.java:334)
	at org.springframework.boot.SpringApplication.run(SpringApplication.java:1354)
	at org.springframework.boot.SpringApplication.run(SpringApplication.java:1343)
	at com.bank.auth.AuthServiceApplication.main(AuthServiceApplication.java:18)
	at java.base/jdk.internal.reflect.DirectMethodHandleAccessor.invoke(DirectMethodHandleAccessor.java:103)
	at java.base/java.lang.reflect.Method.invoke(Method.java:580)
	at org.springframework.boot.devtools.restart.RestartLauncher.run(RestartLauncher.java:50)
Caused by: org.apache.hc.client5.http.HttpHostConnectException: Connect to http://localhost:8761 [localhost/127.0.0.1, localhost/0:0:0:0:0:0:0:1] failed: Connection refused: getsockopt
	at java.base/sun.nio.ch.Net.pollConnect(Native Method)
	at java.base/sun.nio.ch.Net.pollConnectNow(Net.java:682)
	at java.base/sun.nio.ch.NioSocketImpl.timedFinishConnect(NioSocketImpl.java:542)
	at java.base/sun.nio.ch.NioSocketImpl.connect(NioSocketImpl.java:592)
	at java.base/java.net.SocksSocketImpl.connect(SocksSocketImpl.java:327)
	at java.base/java.net.Socket.connect(Socket.java:751)
	at org.apache.hc.client5.http.socket.PlainConnectionSocketFactory.lambda$connectSocket$0(PlainConnectionSocketFactory.java:91)
	at java.base/java.security.AccessController.doPrivileged(AccessController.java:571)
	at org.apache.hc.client5.http.socket.PlainConnectionSocketFactory.connectSocket(PlainConnectionSocketFactory.java:90)
	at org.apache.hc.client5.http.socket.ConnectionSocketFactory.connectSocket(ConnectionSocketFactory.java:123)
	at org.apache.hc.client5.http.impl.io.DefaultHttpClientConnectionOperator.connect(DefaultHttpClientConnectionOperator.java:184)
	at org.apache.hc.client5.http.impl.io.PoolingHttpClientConnectionManager.connect(PoolingHttpClientConnectionManager.java:447)
	at org.apache.hc.client5.http.impl.classic.InternalExecRuntime.connectEndpoint(InternalExecRuntime.java:162)
	at org.apache.hc.client5.http.impl.classic.InternalExecRuntime.connectEndpoint(InternalExecRuntime.java:172)
	at org.apache.hc.client5.http.impl.classic.ConnectExec.execute(ConnectExec.java:142)
	at org.apache.hc.client5.http.impl.classic.ExecChainElement.execute(ExecChainElement.java:51)
	at org.apache.hc.client5.http.impl.classic.ProtocolExec.execute(ProtocolExec.java:192)
	at org.apache.hc.client5.http.impl.classic.ExecChainElement.execute(ExecChainElement.java:51)
	at org.apache.hc.client5.http.impl.classic.HttpRequestRetryExec.execute(HttpRequestRetryExec.java:96)
	at org.apache.hc.client5.http.impl.classic.ExecChainElement.execute(ExecChainElement.java:51)
	at org.apache.hc.client5.http.impl.classic.ContentCompressionExec.execute(ContentCompressionExec.java:152)
	at org.apache.hc.client5.http.impl.classic.ExecChainElement.execute(ExecChainElement.java:51)
	at org.apache.hc.client5.http.impl.classic.RedirectExec.execute(RedirectExec.java:115)
	at org.apache.hc.client5.http.impl.classic.ExecChainElement.execute(ExecChainElement.java:51)
	at org.apache.hc.client5.http.impl.classic.InternalHttpClient.doExecute(InternalHttpClient.java:170)
	at org.apache.hc.client5.http.impl.classic.CloseableHttpClient.execute(CloseableHttpClient.java:87)
	at org.apache.hc.client5.http.impl.classic.CloseableHttpClient.execute(CloseableHttpClient.java:55)
	at org.apache.hc.client5.http.classic.HttpClient.executeOpen(HttpClient.java:183)
	at org.springframework.http.client.HttpComponentsClientHttpRequest.executeInternal(HttpComponentsClientHttpRequest.java:95)
	at org.springframework.http.client.AbstractStreamingClientHttpRequest.executeInternal(AbstractStreamingClientHttpRequest.java:70)
	at org.springframework.http.client.AbstractClientHttpRequest.execute(AbstractClientHttpRequest.java:66)
	at org.springframework.http.client.InterceptingClientHttpRequest$InterceptingRequestExecution.execute(InterceptingClientHttpRequest.java:112)
	at org.springframework.cloud.netflix.eureka.http.RestTemplateTransportClientFactory.lambda$restTemplate$0(RestTemplateTransportClientFactory.java:143)
	at org.springframework.http.client.InterceptingClientHttpRequest$InterceptingRequestExecution.execute(InterceptingClientHttpRequest.java:88)
	at org.springframework.http.client.InterceptingClientHttpRequest.executeInternal(InterceptingClientHttpRequest.java:72)
	at org.springframework.http.client.AbstractBufferingClientHttpRequest.executeInternal(AbstractBufferingClientHttpRequest.java:48)
	at org.springframework.http.client.AbstractClientHttpRequest.execute(AbstractClientHttpRequest.java:66)
	at org.springframework.web.client.RestTemplate.doExecute(RestTemplate.java:889)
	... 66 more

2026-05-16 20:55:08 [restartedMain] WARN  c.n.d.s.t.d.RetryableEurekaHttpClient - Request execution failed with message: I/O error on GET request for "http://localhost:8761/eureka/apps/": Connect to http://localhost:8761 [localhost/127.0.0.1, localhost/0:0:0:0:0:0:0:1] failed: Connection refused: getsockopt
2026-05-16 20:55:08 [restartedMain] INFO  c.netflix.discovery.DiscoveryClient - DiscoveryClient_BANK-AUTH-SERVICE/BANK-AUTH-SERVICE:8081 - was unable to refresh its cache! This periodic background refresh will be retried in 30 seconds. status = Cannot execute request on any known server stacktrace = com.netflix.discovery.shared.transport.TransportException: Cannot execute request on any known server
	at com.netflix.discovery.shared.transport.decorator.RetryableEurekaHttpClient.execute(RetryableEurekaHttpClient.java:112)
	at com.netflix.discovery.shared.transport.decorator.EurekaHttpClientDecorator.getApplications(EurekaHttpClientDecorator.java:134)
	at com.netflix.discovery.shared.transport.decorator.EurekaHttpClientDecorator$6.execute(EurekaHttpClientDecorator.java:137)
	at com.netflix.discovery.shared.transport.decorator.SessionedEurekaHttpClient.execute(SessionedEurekaHttpClient.java:77)
	at com.netflix.discovery.shared.transport.decorator.EurekaHttpClientDecorator.getApplications(EurekaHttpClientDecorator.java:134)
	at com.netflix.discovery.DiscoveryClient.getAndStoreFullRegistry(DiscoveryClient.java:1045)
	at com.netflix.discovery.DiscoveryClient.fetchRegistry(DiscoveryClient.java:958)
	at com.netflix.discovery.DiscoveryClient.<init>(DiscoveryClient.java:396)
	at com.netflix.discovery.DiscoveryClient.<init>(DiscoveryClient.java:247)
	at com.netflix.discovery.DiscoveryClient.<init>(DiscoveryClient.java:242)
	at org.springframework.cloud.netflix.eureka.CloudEurekaClient.<init>(CloudEurekaClient.java:68)
	at org.springframework.cloud.netflix.eureka.EurekaClientAutoConfiguration$RefreshableEurekaClientConfiguration.eurekaClient(EurekaClientAutoConfiguration.java:321)
	at java.base/jdk.internal.reflect.DirectMethodHandleAccessor.invoke(DirectMethodHandleAccessor.java:103)
	at java.base/java.lang.reflect.Method.invoke(Method.java:580)
	at org.springframework.beans.factory.support.SimpleInstantiationStrategy.instantiate(SimpleInstantiationStrategy.java:140)
	at org.springframework.beans.factory.support.ConstructorResolver.instantiate(ConstructorResolver.java:644)
	at org.springframework.beans.factory.support.ConstructorResolver.instantiateUsingFactoryMethod(ConstructorResolver.java:636)
	at org.springframework.beans.factory.support.AbstractAutowireCapableBeanFactory.instantiateUsingFactoryMethod(AbstractAutowireCapableBeanFactory.java:1335)
	at org.springframework.beans.factory.support.AbstractAutowireCapableBeanFactory.createBeanInstance(AbstractAutowireCapableBeanFactory.java:1165)
	at org.springframework.beans.factory.support.AbstractAutowireCapableBeanFactory.doCreateBean(AbstractAutowireCapableBeanFactory.java:562)
	at org.springframework.beans.factory.support.AbstractAutowireCapableBeanFactory.createBean(AbstractAutowireCapableBeanFactory.java:522)
	at org.springframework.beans.factory.support.AbstractBeanFactory.lambda$doGetBean$1(AbstractBeanFactory.java:365)
	at org.springframework.cloud.context.scope.GenericScope$BeanLifecycleWrapper.getBean(GenericScope.java:375)
	at org.springframework.cloud.context.scope.GenericScope.get(GenericScope.java:179)
	at org.springframework.beans.factory.support.AbstractBeanFactory.doGetBean(AbstractBeanFactory.java:362)
	at org.springframework.beans.factory.support.AbstractBeanFactory.getBean(AbstractBeanFactory.java:200)
	at org.springframework.aop.target.SimpleBeanTargetSource.getTarget(SimpleBeanTargetSource.java:35)
	at org.springframework.cloud.netflix.eureka.serviceregistry.EurekaRegistration.getTargetObject(EurekaRegistration.java:128)
	at org.springframework.cloud.netflix.eureka.serviceregistry.EurekaRegistration.getEurekaClient(EurekaRegistration.java:116)
	at java.base/jdk.internal.reflect.DirectMethodHandleAccessor.invoke(DirectMethodHandleAccessor.java:103)
	at java.base/java.lang.reflect.Method.invoke(Method.java:580)
	at org.springframework.util.ReflectionUtils.invokeMethod(ReflectionUtils.java:281)
	at org.springframework.cloud.context.scope.GenericScope$LockedScopedProxyFactoryBean.invoke(GenericScope.java:482)
	at org.springframework.aop.framework.ReflectiveMethodInvocation.proceed(ReflectiveMethodInvocation.java:184)
	at org.springframework.aop.framework.CglibAopProxy$CglibMethodInvocation.proceed(CglibAopProxy.java:768)
	at org.springframework.aop.framework.CglibAopProxy$DynamicAdvisedInterceptor.intercept(CglibAopProxy.java:720)
	at org.springframework.cloud.netflix.eureka.serviceregistry.EurekaRegistration$$SpringCGLIB$$0.getEurekaClient(<generated>)
	at org.springframework.cloud.netflix.eureka.serviceregistry.EurekaServiceRegistry.maybeInitializeClient(EurekaServiceRegistry.java:83)
	at org.springframework.cloud.netflix.eureka.serviceregistry.EurekaServiceRegistry.register(EurekaServiceRegistry.java:66)
	at org.springframework.cloud.netflix.eureka.serviceregistry.EurekaAutoServiceRegistration.start(EurekaAutoServiceRegistration.java:89)
	at org.springframework.context.support.DefaultLifecycleProcessor.doStart(DefaultLifecycleProcessor.java:288)
	at org.springframework.context.support.DefaultLifecycleProcessor$LifecycleGroup.start(DefaultLifecycleProcessor.java:471)
	at java.base/java.lang.Iterable.forEach(Iterable.java:75)
	at org.springframework.context.support.DefaultLifecycleProcessor.startBeans(DefaultLifecycleProcessor.java:260)
	at org.springframework.context.support.DefaultLifecycleProcessor.onRefresh(DefaultLifecycleProcessor.java:205)
	at org.springframework.context.support.AbstractApplicationContext.finishRefresh(AbstractApplicationContext.java:981)
	at org.springframework.context.support.AbstractApplicationContext.refresh(AbstractApplicationContext.java:627)
	at org.springframework.boot.web.servlet.context.ServletWebServerApplicationContext.refresh(ServletWebServerApplicationContext.java:146)
	at org.springframework.boot.SpringApplication.refresh(SpringApplication.java:754)
	at org.springframework.boot.SpringApplication.refreshContext(SpringApplication.java:456)
	at org.springframework.boot.SpringApplication.run(SpringApplication.java:334)
	at org.springframework.boot.SpringApplication.run(SpringApplication.java:1354)
	at org.springframework.boot.SpringApplication.run(SpringApplication.java:1343)
	at com.bank.auth.AuthServiceApplication.main(AuthServiceApplication.java:18)
	at java.base/jdk.internal.reflect.DirectMethodHandleAccessor.invoke(DirectMethodHandleAccessor.java:103)
	at java.base/java.lang.reflect.Method.invoke(Method.java:580)
	at org.springframework.boot.devtools.restart.RestartLauncher.run(RestartLauncher.java:50)

2026-05-16 20:55:08 [restartedMain] INFO  c.netflix.discovery.DiscoveryClient - Initial registry fetch from primary servers failed
2026-05-16 20:55:08 [restartedMain] WARN  c.netflix.discovery.DiscoveryClient - Using default backup registry implementation which does not do anything.
2026-05-16 20:55:08 [restartedMain] INFO  c.netflix.discovery.DiscoveryClient - Initial registry fetch from backup servers failed
2026-05-16 20:55:08 [restartedMain] INFO  c.netflix.discovery.DiscoveryClient - Starting heartbeat executor: renew interval is: 30
2026-05-16 20:55:08 [restartedMain] INFO  c.n.discovery.InstanceInfoReplicator - InstanceInfoReplicator onDemand update allowed rate per min is 4
2026-05-16 20:55:08 [restartedMain] INFO  c.netflix.discovery.DiscoveryClient - Discovery Client initialized at timestamp 1778945108091 with initial instances count: 0
2026-05-16 20:55:08 [restartedMain] INFO  o.s.c.n.e.s.EurekaServiceRegistry - Registering application BANK-AUTH-SERVICE with eureka with status UP
2026-05-16 20:55:08 [restartedMain] INFO  c.netflix.discovery.DiscoveryClient - Saw local status change event StatusChangeEvent [timestamp=1778945108200, current=UP, previous=STARTING]
2026-05-16 20:55:08 [DiscoveryClient-InstanceInfoReplicator-0] INFO  c.netflix.discovery.DiscoveryClient - DiscoveryClient_BANK-AUTH-SERVICE/BANK-AUTH-SERVICE:8081: registering service...
2026-05-16 20:55:08 [restartedMain] INFO  o.a.coyote.http11.Http11NioProtocol - Starting ProtocolHandler ["http-nio-8081"]
2026-05-16 20:55:08 [DiscoveryClient-InstanceInfoReplicator-0] DEBUG o.s.web.client.RestTemplate - HTTP POST http://localhost:8761/eureka/apps/BANK-AUTH-SERVICE
2026-05-16 20:55:08 [DiscoveryClient-InstanceInfoReplicator-0] DEBUG o.s.web.client.RestTemplate - Accept=[application/json, application/*+json]
2026-05-16 20:55:08 [restartedMain] INFO  o.s.b.w.e.tomcat.TomcatWebServer - Tomcat started on port 8081 (http) with context path ''
2026-05-16 20:55:08 [DiscoveryClient-InstanceInfoReplicator-0] DEBUG o.s.web.client.RestTemplate - Writing [InstanceInfo [instanceId = BANK-AUTH-SERVICE:8081, appName = BANK-AUTH-SERVICE, hostName = 192.168.31.63, status = UP, ipAddr = 192.168.31.63, port = 8081, securePort = 443, dataCenterInfo = com.netflix.appinfo.MyDataCenterInfo@72523577] as "application/json"
2026-05-16 20:55:08 [restartedMain] INFO  o.s.c.n.e.s.EurekaAutoServiceRegistration - Updating port to 8081
2026-05-16 20:55:08 [restartedMain] INFO  c.bank.auth.AuthServiceApplication - Started AuthServiceApplication in 22.05 seconds (process running for 23.03)
2026-05-16 20:55:08 [DiscoveryClient-InstanceInfoReplicator-0] INFO  c.n.d.s.t.d.RedirectingEurekaHttpClient - Request execution error. endpoint=DefaultEndpoint{ serviceUrl='http://localhost:8761/eureka/}, exception=I/O error on POST request for "http://localhost:8761/eureka/apps/BANK-AUTH-SERVICE": Connect to http://localhost:8761 [localhost/127.0.0.1, localhost/0:0:0:0:0:0:0:1] failed: Connection refused: getsockopt stacktrace=org.springframework.web.client.ResourceAccessException: I/O error on POST request for "http://localhost:8761/eureka/apps/BANK-AUTH-SERVICE": Connect to http://localhost:8761 [localhost/127.0.0.1, localhost/0:0:0:0:0:0:0:1] failed: Connection refused: getsockopt
	at org.springframework.web.client.RestTemplate.createResourceAccessException(RestTemplate.java:915)
	at org.springframework.web.client.RestTemplate.doExecute(RestTemplate.java:895)
	at org.springframework.web.client.RestTemplate.execute(RestTemplate.java:790)
	at org.springframework.web.client.RestTemplate.exchange(RestTemplate.java:672)
	at org.springframework.cloud.netflix.eureka.http.RestTemplateEurekaHttpClient.register(RestTemplateEurekaHttpClient.java:77)
	at com.netflix.discovery.shared.transport.decorator.EurekaHttpClientDecorator$1.execute(EurekaHttpClientDecorator.java:59)
	at com.netflix.discovery.shared.transport.decorator.RedirectingEurekaHttpClient.executeOnNewServer(RedirectingEurekaHttpClient.java:121)
	at com.netflix.discovery.shared.transport.decorator.RedirectingEurekaHttpClient.execute(RedirectingEurekaHttpClient.java:80)
	at com.netflix.discovery.shared.transport.decorator.EurekaHttpClientDecorator.register(EurekaHttpClientDecorator.java:56)
	at com.netflix.discovery.shared.transport.decorator.EurekaHttpClientDecorator$1.execute(EurekaHttpClientDecorator.java:59)
	at com.netflix.discovery.shared.transport.decorator.RetryableEurekaHttpClient.execute(RetryableEurekaHttpClient.java:120)
	at com.netflix.discovery.shared.transport.decorator.EurekaHttpClientDecorator.register(EurekaHttpClientDecorator.java:56)
	at com.netflix.discovery.shared.transport.decorator.EurekaHttpClientDecorator$1.execute(EurekaHttpClientDecorator.java:59)
	at com.netflix.discovery.shared.transport.decorator.SessionedEurekaHttpClient.execute(SessionedEurekaHttpClient.java:77)
	at com.netflix.discovery.shared.transport.decorator.EurekaHttpClientDecorator.register(EurekaHttpClientDecorator.java:56)
	at com.netflix.discovery.DiscoveryClient.register(DiscoveryClient.java:820)
	at com.netflix.discovery.InstanceInfoReplicator.run(InstanceInfoReplicator.java:121)
	at com.netflix.discovery.InstanceInfoReplicator$1.run(InstanceInfoReplicator.java:101)
	at java.base/java.util.concurrent.Executors$RunnableAdapter.call(Executors.java:572)
	at java.base/java.util.concurrent.FutureTask.run(FutureTask.java:317)
	at java.base/java.util.concurrent.ScheduledThreadPoolExecutor$ScheduledFutureTask.run(ScheduledThreadPoolExecutor.java:304)
	at java.base/java.util.concurrent.ThreadPoolExecutor.runWorker(ThreadPoolExecutor.java:1144)
	at java.base/java.util.concurrent.ThreadPoolExecutor$Worker.run(ThreadPoolExecutor.java:642)
	at java.base/java.lang.Thread.run(Thread.java:1583)
Caused by: org.apache.hc.client5.http.HttpHostConnectException: Connect to http://localhost:8761 [localhost/127.0.0.1, localhost/0:0:0:0:0:0:0:1] failed: Connection refused: getsockopt
	at java.base/sun.nio.ch.Net.pollConnect(Native Method)
	at java.base/sun.nio.ch.Net.pollConnectNow(Net.java:682)
	at java.base/sun.nio.ch.NioSocketImpl.timedFinishConnect(NioSocketImpl.java:542)
	at java.base/sun.nio.ch.NioSocketImpl.connect(NioSocketImpl.java:592)
	at java.base/java.net.SocksSocketImpl.connect(SocksSocketImpl.java:327)
	at java.base/java.net.Socket.connect(Socket.java:751)
	at org.apache.hc.client5.http.socket.PlainConnectionSocketFactory.lambda$connectSocket$0(PlainConnectionSocketFactory.java:91)
	at java.base/java.security.AccessController.doPrivileged(AccessController.java:571)
	at org.apache.hc.client5.http.socket.PlainConnectionSocketFactory.connectSocket(PlainConnectionSocketFactory.java:90)
	at org.apache.hc.client5.http.socket.ConnectionSocketFactory.connectSocket(ConnectionSocketFactory.java:123)
	at org.apache.hc.client5.http.impl.io.DefaultHttpClientConnectionOperator.connect(DefaultHttpClientConnectionOperator.java:184)
	at org.apache.hc.client5.http.impl.io.PoolingHttpClientConnectionManager.connect(PoolingHttpClientConnectionManager.java:447)
	at org.apache.hc.client5.http.impl.classic.InternalExecRuntime.connectEndpoint(InternalExecRuntime.java:162)
	at org.apache.hc.client5.http.impl.classic.InternalExecRuntime.connectEndpoint(InternalExecRuntime.java:172)
	at org.apache.hc.client5.http.impl.classic.ConnectExec.execute(ConnectExec.java:142)
	at org.apache.hc.client5.http.impl.classic.ExecChainElement.execute(ExecChainElement.java:51)
	at org.apache.hc.client5.http.impl.classic.ProtocolExec.execute(ProtocolExec.java:192)
	at org.apache.hc.client5.http.impl.classic.ExecChainElement.execute(ExecChainElement.java:51)
	at org.apache.hc.client5.http.impl.classic.HttpRequestRetryExec.execute(HttpRequestRetryExec.java:96)
	at org.apache.hc.client5.http.impl.classic.ExecChainElement.execute(ExecChainElement.java:51)
	at org.apache.hc.client5.http.impl.classic.ContentCompressionExec.execute(ContentCompressionExec.java:152)
	at org.apache.hc.client5.http.impl.classic.ExecChainElement.execute(ExecChainElement.java:51)
	at org.apache.hc.client5.http.impl.classic.RedirectExec.execute(RedirectExec.java:115)
	at org.apache.hc.client5.http.impl.classic.ExecChainElement.execute(ExecChainElement.java:51)
	at org.apache.hc.client5.http.impl.classic.InternalHttpClient.doExecute(InternalHttpClient.java:170)
	at org.apache.hc.client5.http.impl.classic.CloseableHttpClient.execute(CloseableHttpClient.java:87)
	at org.apache.hc.client5.http.impl.classic.CloseableHttpClient.execute(CloseableHttpClient.java:55)
	at org.apache.hc.client5.http.classic.HttpClient.executeOpen(HttpClient.java:183)
	at org.springframework.http.client.HttpComponentsClientHttpRequest.executeInternal(HttpComponentsClientHttpRequest.java:95)
	at org.springframework.http.client.AbstractStreamingClientHttpRequest.executeInternal(AbstractStreamingClientHttpRequest.java:70)
	at org.springframework.http.client.AbstractClientHttpRequest.execute(AbstractClientHttpRequest.java:66)
	at org.springframework.http.client.InterceptingClientHttpRequest$InterceptingRequestExecution.execute(InterceptingClientHttpRequest.java:112)
	at org.springframework.cloud.netflix.eureka.http.RestTemplateTransportClientFactory.lambda$restTemplate$0(RestTemplateTransportClientFactory.java:143)
	at org.springframework.http.client.InterceptingClientHttpRequest$InterceptingRequestExecution.execute(InterceptingClientHttpRequest.java:88)
	at org.springframework.http.client.InterceptingClientHttpRequest.executeInternal(InterceptingClientHttpRequest.java:72)
	at org.springframework.http.client.AbstractBufferingClientHttpRequest.executeInternal(AbstractBufferingClientHttpRequest.java:48)
	at org.springframework.http.client.AbstractClientHttpRequest.execute(AbstractClientHttpRequest.java:66)
	at org.springframework.web.client.RestTemplate.doExecute(RestTemplate.java:889)
	... 22 more

2026-05-16 20:55:08 [DiscoveryClient-InstanceInfoReplicator-0] WARN  c.n.d.s.t.d.RetryableEurekaHttpClient - Request execution failed with message: I/O error on POST request for "http://localhost:8761/eureka/apps/BANK-AUTH-SERVICE": Connect to http://localhost:8761 [localhost/127.0.0.1, localhost/0:0:0:0:0:0:0:1] failed: Connection refused: getsockopt
2026-05-16 20:55:08 [DiscoveryClient-InstanceInfoReplicator-0] WARN  c.netflix.discovery.DiscoveryClient - DiscoveryClient_BANK-AUTH-SERVICE/BANK-AUTH-SERVICE:8081 - registration failed Cannot execute request on any known server
com.netflix.discovery.shared.transport.TransportException: Cannot execute request on any known server
	at com.netflix.discovery.shared.transport.decorator.RetryableEurekaHttpClient.execute(RetryableEurekaHttpClient.java:112)
	at com.netflix.discovery.shared.transport.decorator.EurekaHttpClientDecorator.register(EurekaHttpClientDecorator.java:56)
	at com.netflix.discovery.shared.transport.decorator.EurekaHttpClientDecorator$1.execute(EurekaHttpClientDecorator.java:59)
	at com.netflix.discovery.shared.transport.decorator.SessionedEurekaHttpClient.execute(SessionedEurekaHttpClient.java:77)
	at com.netflix.discovery.shared.transport.decorator.EurekaHttpClientDecorator.register(EurekaHttpClientDecorator.java:56)
	at com.netflix.discovery.DiscoveryClient.register(DiscoveryClient.java:820)
	at com.netflix.discovery.InstanceInfoReplicator.run(InstanceInfoReplicator.java:121)
	at com.netflix.discovery.InstanceInfoReplicator$1.run(InstanceInfoReplicator.java:101)
	at java.base/java.util.concurrent.Executors$RunnableAdapter.call(Executors.java:572)
	at java.base/java.util.concurrent.FutureTask.run(FutureTask.java:317)
	at java.base/java.util.concurrent.ScheduledThreadPoolExecutor$ScheduledFutureTask.run(ScheduledThreadPoolExecutor.java:304)
	at java.base/java.util.concurrent.ThreadPoolExecutor.runWorker(ThreadPoolExecutor.java:1144)
	at java.base/java.util.concurrent.ThreadPoolExecutor$Worker.run(ThreadPoolExecutor.java:642)
	at java.base/java.lang.Thread.run(Thread.java:1583)
2026-05-16 20:55:08 [DiscoveryClient-InstanceInfoReplicator-0] WARN  c.n.discovery.InstanceInfoReplicator - There was a problem with the instance info replicator
com.netflix.discovery.shared.transport.TransportException: Cannot execute request on any known server
	at com.netflix.discovery.shared.transport.decorator.RetryableEurekaHttpClient.execute(RetryableEurekaHttpClient.java:112)
	at com.netflix.discovery.shared.transport.decorator.EurekaHttpClientDecorator.register(EurekaHttpClientDecorator.java:56)
	at com.netflix.discovery.shared.transport.decorator.EurekaHttpClientDecorator$1.execute(EurekaHttpClientDecorator.java:59)
	at com.netflix.discovery.shared.transport.decorator.SessionedEurekaHttpClient.execute(SessionedEurekaHttpClient.java:77)
	at com.netflix.discovery.shared.transport.decorator.EurekaHttpClientDecorator.register(EurekaHttpClientDecorator.java:56)
	at com.netflix.discovery.DiscoveryClient.register(DiscoveryClient.java:820)
	at com.netflix.discovery.InstanceInfoReplicator.run(InstanceInfoReplicator.java:121)
	at com.netflix.discovery.InstanceInfoReplicator$1.run(InstanceInfoReplicator.java:101)
	at java.base/java.util.concurrent.Executors$RunnableAdapter.call(Executors.java:572)
	at java.base/java.util.concurrent.FutureTask.run(FutureTask.java:317)
	at java.base/java.util.concurrent.ScheduledThreadPoolExecutor$ScheduledFutureTask.run(ScheduledThreadPoolExecutor.java:304)
	at java.base/java.util.concurrent.ThreadPoolExecutor.runWorker(ThreadPoolExecutor.java:1144)
	at java.base/java.util.concurrent.ThreadPoolExecutor$Worker.run(ThreadPoolExecutor.java:642)
	at java.base/java.lang.Thread.run(Thread.java:1583)
2026-05-16 20:55:38 [DiscoveryClient-CacheRefreshExecutor-0] INFO  c.netflix.discovery.DiscoveryClient - Disable delta property : false
2026-05-16 20:55:38 [DiscoveryClient-CacheRefreshExecutor-0] INFO  c.netflix.discovery.DiscoveryClient - Single vip registry refresh property : null
2026-05-16 20:55:38 [DiscoveryClient-CacheRefreshExecutor-0] INFO  c.netflix.discovery.DiscoveryClient - Force full registry fetch : false
2026-05-16 20:55:38 [DiscoveryClient-CacheRefreshExecutor-0] INFO  c.netflix.discovery.DiscoveryClient - Application is null : false
2026-05-16 20:55:38 [DiscoveryClient-CacheRefreshExecutor-0] INFO  c.netflix.discovery.DiscoveryClient - Registered Applications size is zero : true
2026-05-16 20:55:38 [DiscoveryClient-CacheRefreshExecutor-0] INFO  c.netflix.discovery.DiscoveryClient - Application version is -1: true
2026-05-16 20:55:38 [DiscoveryClient-CacheRefreshExecutor-0] INFO  c.netflix.discovery.DiscoveryClient - Getting all instance registry info from the eureka server
2026-05-16 20:55:38 [DiscoveryClient-CacheRefreshExecutor-0] DEBUG o.s.web.client.RestTemplate - HTTP GET http://localhost:8761/eureka/apps/
2026-05-16 20:55:38 [DiscoveryClient-HeartbeatExecutor-0] DEBUG o.s.web.client.RestTemplate - HTTP PUT http://localhost:8761/eureka/apps/BANK-AUTH-SERVICE/BANK-AUTH-SERVICE:8081?status=UP&lastDirtyTimestamp=1778945108198
2026-05-16 20:55:38 [DiscoveryClient-HeartbeatExecutor-0] DEBUG o.s.web.client.RestTemplate - Accept=[application/json, application/*+json]
2026-05-16 20:55:38 [DiscoveryClient-CacheRefreshExecutor-0] DEBUG o.s.web.client.RestTemplate - Accept=[application/json, application/*+json]
2026-05-16 20:55:38 [DiscoveryClient-CacheRefreshExecutor-0] DEBUG o.s.web.client.RestTemplate - Response 200 OK
2026-05-16 20:55:38 [DiscoveryClient-HeartbeatExecutor-0] DEBUG o.s.web.client.RestTemplate - Response 404 NOT_FOUND
2026-05-16 20:55:38 [DiscoveryClient-CacheRefreshExecutor-0] DEBUG o.s.web.client.RestTemplate - Reading to [org.springframework.cloud.netflix.eureka.http.EurekaApplications]
2026-05-16 20:55:38 [DiscoveryClient-HeartbeatExecutor-0] INFO  c.netflix.discovery.DiscoveryClient - DiscoveryClient_BANK-AUTH-SERVICE/BANK-AUTH-SERVICE:8081 - Re-registering apps/BANK-AUTH-SERVICE
2026-05-16 20:55:38 [DiscoveryClient-HeartbeatExecutor-0] INFO  c.netflix.discovery.DiscoveryClient - DiscoveryClient_BANK-AUTH-SERVICE/BANK-AUTH-SERVICE:8081: registering service...
2026-05-16 20:55:38 [DiscoveryClient-HeartbeatExecutor-0] DEBUG o.s.web.client.RestTemplate - HTTP POST http://localhost:8761/eureka/apps/BANK-AUTH-SERVICE
2026-05-16 20:55:38 [DiscoveryClient-HeartbeatExecutor-0] DEBUG o.s.web.client.RestTemplate - Accept=[application/json, application/*+json]
2026-05-16 20:55:38 [DiscoveryClient-HeartbeatExecutor-0] DEBUG o.s.web.client.RestTemplate - Writing [InstanceInfo [instanceId = BANK-AUTH-SERVICE:8081, appName = BANK-AUTH-SERVICE, hostName = 192.168.31.63, status = UP, ipAddr = 192.168.31.63, port = 8081, securePort = 443, dataCenterInfo = com.netflix.appinfo.MyDataCenterInfo@72523577] as "application/json"
2026-05-16 20:55:38 [DiscoveryClient-HeartbeatExecutor-0] DEBUG o.s.web.client.RestTemplate - Response 204 NO_CONTENT
2026-05-16 20:55:38 [DiscoveryClient-HeartbeatExecutor-0] INFO  c.netflix.discovery.DiscoveryClient - DiscoveryClient_BANK-AUTH-SERVICE/BANK-AUTH-SERVICE:8081 - registration status: 204
2026-05-16 20:55:38 [DiscoveryClient-CacheRefreshExecutor-0] INFO  c.netflix.discovery.DiscoveryClient - The response status is 200
2026-05-16 20:56:08 [DiscoveryClient-HeartbeatExecutor-0] DEBUG o.s.web.client.RestTemplate - HTTP PUT http://localhost:8761/eureka/apps/BANK-AUTH-SERVICE/BANK-AUTH-SERVICE:8081?status=UP&lastDirtyTimestamp=1778945138154
2026-05-16 20:56:08 [DiscoveryClient-HeartbeatExecutor-0] DEBUG o.s.web.client.RestTemplate - Accept=[application/json, application/*+json]
2026-05-16 20:56:08 [DiscoveryClient-CacheRefreshExecutor-0] DEBUG o.s.web.client.RestTemplate - HTTP GET http://localhost:8761/eureka/apps/delta
2026-05-16 20:56:08 [DiscoveryClient-CacheRefreshExecutor-0] DEBUG o.s.web.client.RestTemplate - Accept=[application/json, application/*+json]
2026-05-16 20:56:08 [DiscoveryClient-HeartbeatExecutor-0] DEBUG o.s.web.client.RestTemplate - Response 200 OK
2026-05-16 20:56:08 [DiscoveryClient-CacheRefreshExecutor-0] DEBUG o.s.web.client.RestTemplate - Response 200 OK
2026-05-16 20:56:08 [DiscoveryClient-CacheRefreshExecutor-0] DEBUG o.s.web.client.RestTemplate - Reading to [org.springframework.cloud.netflix.eureka.http.EurekaApplications]
2026-05-16 20:56:38 [DiscoveryClient-HeartbeatExecutor-0] DEBUG o.s.web.client.RestTemplate - HTTP PUT http://localhost:8761/eureka/apps/BANK-AUTH-SERVICE/BANK-AUTH-SERVICE:8081?status=UP&lastDirtyTimestamp=1778945138154
2026-05-16 20:56:38 [DiscoveryClient-HeartbeatExecutor-0] DEBUG o.s.web.client.RestTemplate - Accept=[application/json, application/*+json]
2026-05-16 20:56:38 [DiscoveryClient-CacheRefreshExecutor-0] DEBUG o.s.web.client.RestTemplate - HTTP GET http://localhost:8761/eureka/apps/delta
2026-05-16 20:56:38 [DiscoveryClient-CacheRefreshExecutor-0] DEBUG o.s.web.client.RestTemplate - Accept=[application/json, application/*+json]
2026-05-16 20:56:38 [DiscoveryClient-HeartbeatExecutor-0] DEBUG o.s.web.client.RestTemplate - Response 200 OK
2026-05-16 20:56:38 [DiscoveryClient-CacheRefreshExecutor-0] DEBUG o.s.web.client.RestTemplate - Response 200 OK
2026-05-16 20:56:38 [DiscoveryClient-CacheRefreshExecutor-0] DEBUG o.s.web.client.RestTemplate - Reading to [org.springframework.cloud.netflix.eureka.http.EurekaApplications]
2026-05-16 20:57:08 [DiscoveryClient-HeartbeatExecutor-0] DEBUG o.s.web.client.RestTemplate - HTTP PUT http://localhost:8761/eureka/apps/BANK-AUTH-SERVICE/BANK-AUTH-SERVICE:8081?status=UP&lastDirtyTimestamp=1778945138154
2026-05-16 20:57:08 [DiscoveryClient-HeartbeatExecutor-0] DEBUG o.s.web.client.RestTemplate - Accept=[application/json, application/*+json]
2026-05-16 20:57:08 [DiscoveryClient-CacheRefreshExecutor-0] DEBUG o.s.web.client.RestTemplate - HTTP GET http://localhost:8761/eureka/apps/delta
2026-05-16 20:57:08 [DiscoveryClient-CacheRefreshExecutor-0] DEBUG o.s.web.client.RestTemplate - Accept=[application/json, application/*+json]
2026-05-16 20:57:08 [DiscoveryClient-HeartbeatExecutor-0] DEBUG o.s.web.client.RestTemplate - Response 200 OK
2026-05-16 20:57:08 [DiscoveryClient-CacheRefreshExecutor-0] DEBUG o.s.web.client.RestTemplate - Response 200 OK
2026-05-16 20:57:08 [DiscoveryClient-CacheRefreshExecutor-0] DEBUG o.s.web.client.RestTemplate - Reading to [org.springframework.cloud.netflix.eureka.http.EurekaApplications]
2026-05-16 20:57:38 [DiscoveryClient-HeartbeatExecutor-0] DEBUG o.s.web.client.RestTemplate - HTTP PUT http://localhost:8761/eureka/apps/BANK-AUTH-SERVICE/BANK-AUTH-SERVICE:8081?status=UP&lastDirtyTimestamp=1778945138154
2026-05-16 20:57:38 [DiscoveryClient-HeartbeatExecutor-0] DEBUG o.s.web.client.RestTemplate - Accept=[application/json, application/*+json]
2026-05-16 20:57:38 [DiscoveryClient-HeartbeatExecutor-0] DEBUG o.s.web.client.RestTemplate - Response 200 OK
2026-05-16 20:57:38 [DiscoveryClient-CacheRefreshExecutor-0] DEBUG o.s.web.client.RestTemplate - HTTP GET http://localhost:8761/eureka/apps/delta
2026-05-16 20:57:38 [DiscoveryClient-CacheRefreshExecutor-0] DEBUG o.s.web.client.RestTemplate - Accept=[application/json, application/*+json]
2026-05-16 20:57:38 [DiscoveryClient-CacheRefreshExecutor-0] DEBUG o.s.web.client.RestTemplate - Response 200 OK
2026-05-16 20:57:38 [DiscoveryClient-CacheRefreshExecutor-0] DEBUG o.s.web.client.RestTemplate - Reading to [org.springframework.cloud.netflix.eureka.http.EurekaApplications]
2026-05-16 20:58:08 [DiscoveryClient-HeartbeatExecutor-0] DEBUG o.s.web.client.RestTemplate - HTTP PUT http://localhost:8761/eureka/apps/BANK-AUTH-SERVICE/BANK-AUTH-SERVICE:8081?status=UP&lastDirtyTimestamp=1778945138154
2026-05-16 20:58:08 [DiscoveryClient-HeartbeatExecutor-0] DEBUG o.s.web.client.RestTemplate - Accept=[application/json, application/*+json]
2026-05-16 20:58:08 [DiscoveryClient-HeartbeatExecutor-0] DEBUG o.s.web.client.RestTemplate - Response 200 OK
2026-05-16 20:58:08 [DiscoveryClient-CacheRefreshExecutor-0] DEBUG o.s.web.client.RestTemplate - HTTP GET http://localhost:8761/eureka/apps/delta
2026-05-16 20:58:08 [DiscoveryClient-CacheRefreshExecutor-0] DEBUG o.s.web.client.RestTemplate - Accept=[application/json, application/*+json]
2026-05-16 20:58:08 [DiscoveryClient-CacheRefreshExecutor-0] DEBUG o.s.web.client.RestTemplate - Response 200 OK
2026-05-16 20:58:08 [DiscoveryClient-CacheRefreshExecutor-0] DEBUG o.s.web.client.RestTemplate - Reading to [org.springframework.cloud.netflix.eureka.http.EurekaApplications]
2026-05-16 22:08:58 [DiscoveryClient-HeartbeatExecutor-0] DEBUG o.s.web.client.RestTemplate - HTTP PUT http://localhost:8761/eureka/apps/BANK-AUTH-SERVICE/BANK-AUTH-SERVICE:8081?status=UP&lastDirtyTimestamp=1778945138154
2026-05-16 22:08:58 [DiscoveryClient-CacheRefreshExecutor-0] DEBUG o.s.web.client.RestTemplate - HTTP GET http://localhost:8761/eureka/apps/delta
2026-05-16 22:08:58 [DiscoveryClient-HeartbeatExecutor-0] DEBUG o.s.web.client.RestTemplate - Accept=[application/json, application/*+json]
2026-05-16 22:08:58 [DiscoveryClient-CacheRefreshExecutor-0] DEBUG o.s.web.client.RestTemplate - Accept=[application/json, application/*+json]
2026-05-16 22:08:58 [DiscoveryClient-CacheRefreshExecutor-0] DEBUG o.s.web.client.RestTemplate - Response 200 OK
2026-05-16 22:08:58 [DiscoveryClient-CacheRefreshExecutor-0] DEBUG o.s.web.client.RestTemplate - Reading to [org.springframework.cloud.netflix.eureka.http.EurekaApplications]
2026-05-16 22:08:58 [DiscoveryClient-HeartbeatExecutor-0] DEBUG o.s.web.client.RestTemplate - Response 200 OK
2026-05-16 22:09:12 [HikariPool-1 housekeeper] WARN  com.zaxxer.hikari.pool.HikariPool - HikariPool-1 - Thread starvation or clock leap detected (housekeeper delta=1h10m50s229ms852µs400ns).
2026-05-16 22:09:28 [DiscoveryClient-CacheRefreshExecutor-0] DEBUG o.s.web.client.RestTemplate - HTTP GET http://localhost:8761/eureka/apps/delta
2026-05-16 22:09:28 [DiscoveryClient-HeartbeatExecutor-0] DEBUG o.s.web.client.RestTemplate - HTTP PUT http://localhost:8761/eureka/apps/BANK-AUTH-SERVICE/BANK-AUTH-SERVICE:8081?status=UP&lastDirtyTimestamp=1778945138154
2026-05-16 22:09:28 [DiscoveryClient-HeartbeatExecutor-0] DEBUG o.s.web.client.RestTemplate - Accept=[application/json, application/*+json]
2026-05-16 22:09:28 [DiscoveryClient-CacheRefreshExecutor-0] DEBUG o.s.web.client.RestTemplate - Accept=[application/json, application/*+json]
2026-05-16 22:09:28 [DiscoveryClient-HeartbeatExecutor-0] DEBUG o.s.web.client.RestTemplate - Response 200 OK
2026-05-16 22:09:28 [DiscoveryClient-CacheRefreshExecutor-0] DEBUG o.s.web.client.RestTemplate - Response 200 OK
2026-05-16 22:09:28 [DiscoveryClient-CacheRefreshExecutor-0] DEBUG o.s.web.client.RestTemplate - Reading to [org.springframework.cloud.netflix.eureka.http.EurekaApplications]
2026-05-16 22:09:58 [http-nio-8081-exec-1] INFO  o.a.c.c.C.[Tomcat].[localhost].[/] - Initializing Spring DispatcherServlet 'dispatcherServlet'
2026-05-16 22:09:58 [http-nio-8081-exec-1] INFO  o.s.web.servlet.DispatcherServlet - Initializing Servlet 'dispatcherServlet'
2026-05-16 22:09:58 [http-nio-8081-exec-1] DEBUG o.s.web.servlet.DispatcherServlet - Detected StandardServletMultipartResolver
2026-05-16 22:09:58 [http-nio-8081-exec-1] DEBUG o.s.web.servlet.DispatcherServlet - Detected AcceptHeaderLocaleResolver
2026-05-16 22:09:58 [http-nio-8081-exec-1] DEBUG o.s.web.servlet.DispatcherServlet - Detected FixedThemeResolver
2026-05-16 22:09:58 [http-nio-8081-exec-1] DEBUG o.s.web.servlet.DispatcherServlet - Detected org.springframework.web.servlet.view.DefaultRequestToViewNameTranslator@28604736
2026-05-16 22:09:58 [http-nio-8081-exec-1] DEBUG o.s.web.servlet.DispatcherServlet - Detected org.springframework.web.servlet.support.SessionFlashMapManager@23f1e040
2026-05-16 22:09:58 [http-nio-8081-exec-1] DEBUG o.s.web.servlet.DispatcherServlet - enableLoggingRequestDetails='false': request parameters and headers will be masked to prevent unsafe logging of potentially sensitive data
2026-05-16 22:09:58 [http-nio-8081-exec-1] INFO  o.s.web.servlet.DispatcherServlet - Completed initialization in 5 ms
2026-05-16 22:09:58 [http-nio-8081-exec-1] DEBUG o.s.web.servlet.DispatcherServlet - GET "/auth/v3/api-docs", parameters={}
2026-05-16 22:09:58 [http-nio-8081-exec-1] DEBUG o.s.w.s.m.m.a.RequestMappingHandlerMapping - Mapped to org.springdoc.webmvc.api.OpenApiWebMvcResource#openapiJson(HttpServletRequest, String, Locale)
2026-05-16 22:09:58 [DiscoveryClient-CacheRefreshExecutor-0] DEBUG o.s.web.client.RestTemplate - HTTP GET http://localhost:8761/eureka/apps/delta
2026-05-16 22:09:58 [DiscoveryClient-HeartbeatExecutor-0] DEBUG o.s.web.client.RestTemplate - HTTP PUT http://localhost:8761/eureka/apps/BANK-AUTH-SERVICE/BANK-AUTH-SERVICE:8081?status=UP&lastDirtyTimestamp=1778945138154
2026-05-16 22:09:58 [DiscoveryClient-HeartbeatExecutor-0] DEBUG o.s.web.client.RestTemplate - Accept=[application/json, application/*+json]
2026-05-16 22:09:58 [DiscoveryClient-CacheRefreshExecutor-0] DEBUG o.s.web.client.RestTemplate - Accept=[application/json, application/*+json]
2026-05-16 22:09:58 [DiscoveryClient-CacheRefreshExecutor-0] DEBUG o.s.web.client.RestTemplate - Response 200 OK
2026-05-16 22:09:58 [DiscoveryClient-HeartbeatExecutor-0] DEBUG o.s.web.client.RestTemplate - Response 200 OK
2026-05-16 22:09:58 [DiscoveryClient-CacheRefreshExecutor-0] DEBUG o.s.web.client.RestTemplate - Reading to [org.springframework.cloud.netflix.eureka.http.EurekaApplications]
2026-05-16 22:09:59 [http-nio-8081-exec-1] INFO  o.s.api.AbstractOpenApiResource - Init duration for springdoc-openapi is: 539 ms
2026-05-16 22:09:59 [http-nio-8081-exec-1] DEBUG o.s.w.s.m.m.a.RequestResponseBodyMethodProcessor - Using 'application/json', given [application/json, */*] and supported [application/json]
2026-05-16 22:09:59 [http-nio-8081-exec-1] DEBUG o.s.w.s.m.m.a.RequestResponseBodyMethodProcessor - Writing [{123, 34, 111, 112, 101, 110, 97, 112, 105, 34, 58, 34, 51, 46, 48, 46, 49, 34, 44, 34, 105, 110, 10 (truncated)...]
2026-05-16 22:09:59 [http-nio-8081-exec-1] DEBUG o.s.web.servlet.DispatcherServlet - Completed 200 OK
2026-05-16 22:10:27 [AsyncResolver-bootstrap-executor-0] INFO  c.n.d.s.r.aws.ConfigClusterResolver - Resolving eureka endpoints via configuration
2026-05-16 22:10:28 [DiscoveryClient-CacheRefreshExecutor-0] DEBUG o.s.web.client.RestTemplate - HTTP GET http://localhost:8761/eureka/apps/delta
2026-05-16 22:10:28 [DiscoveryClient-HeartbeatExecutor-0] DEBUG o.s.web.client.RestTemplate - HTTP PUT http://localhost:8761/eureka/apps/BANK-AUTH-SERVICE/BANK-AUTH-SERVICE:8081?status=UP&lastDirtyTimestamp=1778945138154
2026-05-16 22:10:28 [DiscoveryClient-CacheRefreshExecutor-0] DEBUG o.s.web.client.RestTemplate - Accept=[application/json, application/*+json]
2026-05-16 22:10:28 [DiscoveryClient-HeartbeatExecutor-0] DEBUG o.s.web.client.RestTemplate - Accept=[application/json, application/*+json]
2026-05-16 22:10:28 [DiscoveryClient-HeartbeatExecutor-0] DEBUG o.s.web.client.RestTemplate - Response 200 OK
2026-05-16 22:10:28 [DiscoveryClient-CacheRefreshExecutor-0] DEBUG o.s.web.client.RestTemplate - Response 200 OK
2026-05-16 22:10:28 [DiscoveryClient-CacheRefreshExecutor-0] DEBUG o.s.web.client.RestTemplate - Reading to [org.springframework.cloud.netflix.eureka.http.EurekaApplications]
2026-05-16 22:10:58 [DiscoveryClient-HeartbeatExecutor-0] DEBUG o.s.web.client.RestTemplate - HTTP PUT http://localhost:8761/eureka/apps/BANK-AUTH-SERVICE/BANK-AUTH-SERVICE:8081?status=UP&lastDirtyTimestamp=1778945138154
2026-05-16 22:10:58 [DiscoveryClient-CacheRefreshExecutor-0] DEBUG o.s.web.client.RestTemplate - HTTP GET http://localhost:8761/eureka/apps/delta
2026-05-16 22:10:58 [DiscoveryClient-HeartbeatExecutor-0] DEBUG o.s.web.client.RestTemplate - Accept=[application/json, application/*+json]
2026-05-16 22:10:58 [DiscoveryClient-CacheRefreshExecutor-0] DEBUG o.s.web.client.RestTemplate - Accept=[application/json, application/*+json]
2026-05-16 22:10:58 [DiscoveryClient-CacheRefreshExecutor-0] DEBUG o.s.web.client.RestTemplate - Response 200 OK
2026-05-16 22:10:58 [DiscoveryClient-HeartbeatExecutor-0] DEBUG o.s.web.client.RestTemplate - Response 200 OK
2026-05-16 22:10:58 [DiscoveryClient-CacheRefreshExecutor-0] DEBUG o.s.web.client.RestTemplate - Reading to [org.springframework.cloud.netflix.eureka.http.EurekaApplications]
2026-05-16 22:11:24 [http-nio-8081-exec-5] DEBUG o.s.web.servlet.DispatcherServlet - POST "/auth/auth/user/register?email=bgkrithika22%40gmail.com&password=KrithikaBG22%40&fullName=Krithika%20B%20G&mobileNumber=7476737632&address=Bengaluru&gender=Female&about=Student&dateOfBirth=2005-05-16", parameters={multipart}
2026-05-16 22:11:24 [http-nio-8081-exec-5] DEBUG o.s.w.s.m.m.a.RequestMappingHandlerMapping - Mapped to com.bank.auth.controller.AuthController#userRegister(UserRegisterRequest, MultipartFile)
2026-05-16 22:11:24 [http-nio-8081-exec-5] INFO  com.bank.auth.aop.LoggingAspect - CONTROLLER START :: AuthController.userRegister(..) :: args=[UserRegisterRequest(email=bgkrithika22@gmail.com, password=KrithikaBG22@, fullName=Krithika B G, mobileNumber=7476737632, address=Bengaluru, gender=Female, about=Student, dateOfBirth=2005-05-16), org.springframework.web.multipart.support.StandardMultipartHttpServletRequest$StandardMultipartFile@2fc5fb2b]
2026-05-16 22:11:24 [http-nio-8081-exec-5] INFO  c.b.auth.controller.AuthController - User register API called for email=bgkrithika22@gmail.com
2026-05-16 22:11:24 [http-nio-8081-exec-5] INFO  com.bank.auth.aop.LoggingAspect - SERVICE START :: AuthService.saveImage(..) :: args=[org.springframework.web.multipart.support.StandardMultipartHttpServletRequest$StandardMultipartFile@2fc5fb2b]
2026-05-16 22:11:24 [http-nio-8081-exec-5] INFO  com.bank.auth.service.AuthService - Uploading image: Screenshot 2026-04-03 152634.png
2026-05-16 22:11:24 [http-nio-8081-exec-5] INFO  com.bank.auth.service.AuthService - Image uploaded successfully: 1778949684588_Screenshot_2026-04-03_152634.png
2026-05-16 22:11:24 [http-nio-8081-exec-5] INFO  com.bank.auth.aop.LoggingAspect - SERVICE SUCCESS :: AuthService.saveImage(..) :: result=1778949684588_Screenshot_2026-04-03_152634.png
2026-05-16 22:11:24 [http-nio-8081-exec-5] INFO  com.bank.auth.aop.LoggingAspect - EXECUTION TIME :: AuthService.saveImage(..) :: 18 ms
2026-05-16 22:11:24 [http-nio-8081-exec-5] INFO  com.bank.auth.aop.LoggingAspect - SERVICE START :: AuthService.userRegister(..) :: args=[UserRegisterRequest(email=bgkrithika22@gmail.com, password=KrithikaBG22@, fullName=Krithika B G, mobileNumber=7476737632, address=Bengaluru, gender=Female, about=Student, dateOfBirth=2005-05-16), 1778949684588_Screenshot_2026-04-03_152634.png]
2026-05-16 22:11:24 [http-nio-8081-exec-5] INFO  com.bank.auth.service.AuthService - User Register request for email=bgkrithika22@gmail.com
2026-05-16 22:11:25 [http-nio-8081-exec-5] INFO  com.bank.auth.service.AuthService - User saved with CustomerId=CUSF9BFC1
2026-05-16 22:11:25 [http-nio-8081-exec-5] INFO  com.bank.auth.service.AuthService - User data sent to UserService for customerId=CUSF9BFC1
2026-05-16 22:11:25 [task-1] INFO  com.bank.auth.aop.LoggingAspect - SERVICE START :: AsyncService.sendToUserService(..) :: args=[UserRequest(profileId=37, customerId=CUSF9BFC1, fullName=Krithika B G, emailId=bgkrithika22@gmail.com, mobileNumber=7476737632, gender=Female, address=Bengaluru, about=Student, dateOfBirth=2005-05-16, image=1778949684588_Screenshot_2026-04-03_152634.png)]
2026-05-16 22:11:25 [task-1] INFO  com.bank.auth.service.AsyncService - Calling User Service for profileId: 37
2026-05-16 22:11:25 [task-1] DEBUG o.s.c.n.e.l.EurekaLoadBalancerClientConfiguration - Setting the value of 'spring.cloud.loadbalancer.zone' to defaultZone
2026-05-16 22:11:25 [http-nio-8081-exec-5] INFO  com.bank.auth.service.AuthService - Registration mail request sent successfully for customerId=CUSF9BFC1
2026-05-16 22:11:25 [http-nio-8081-exec-5] INFO  com.bank.auth.aop.LoggingAspect - SERVICE SUCCESS :: AuthService.userRegister(..) :: result=REGISTERED: CUSF9BFC1
2026-05-16 22:11:25 [http-nio-8081-exec-5] INFO  com.bank.auth.aop.LoggingAspect - EXECUTION TIME :: AuthService.userRegister(..) :: 1007 ms
2026-05-16 22:11:25 [http-nio-8081-exec-5] INFO  com.bank.auth.aop.LoggingAspect - CONTROLLER END :: AuthController.userRegister(..) :: response=REGISTERED: CUSF9BFC1
2026-05-16 22:11:25 [http-nio-8081-exec-5] DEBUG o.s.w.s.m.m.a.RequestResponseBodyMethodProcessor - Using 'text/plain', given [*/*] and supported [text/plain, */*, application/json, application/*+json]
2026-05-16 22:11:25 [http-nio-8081-exec-5] DEBUG o.s.w.s.m.m.a.RequestResponseBodyMethodProcessor - Writing ["REGISTERED: CUSF9BFC1"]
2026-05-16 22:11:25 [http-nio-8081-exec-5] DEBUG o.s.web.servlet.DispatcherServlet - Completed 200 OK
2026-05-16 22:11:25 [task-1] INFO  com.bank.auth.service.AsyncService - User Service call SUCCESS for profileId: 37
2026-05-16 22:11:25 [task-1] INFO  com.bank.auth.aop.LoggingAspect - SERVICE SUCCESS :: AsyncService.sendToUserService(..) :: result=null
2026-05-16 22:11:25 [task-1] INFO  com.bank.auth.aop.LoggingAspect - EXECUTION TIME :: AsyncService.sendToUserService(..) :: 713 ms
2026-05-16 22:11:28 [DiscoveryClient-CacheRefreshExecutor-0] DEBUG o.s.web.client.RestTemplate - HTTP GET http://localhost:8761/eureka/apps/delta
2026-05-16 22:11:28 [DiscoveryClient-HeartbeatExecutor-0] DEBUG o.s.web.client.RestTemplate - HTTP PUT http://localhost:8761/eureka/apps/BANK-AUTH-SERVICE/BANK-AUTH-SERVICE:8081?status=UP&lastDirtyTimestamp=1778945138154
2026-05-16 22:11:28 [DiscoveryClient-HeartbeatExecutor-0] DEBUG o.s.web.client.RestTemplate - Accept=[application/json, application/*+json]
2026-05-16 22:11:28 [DiscoveryClient-CacheRefreshExecutor-0] DEBUG o.s.web.client.RestTemplate - Accept=[application/json, application/*+json]
2026-05-16 22:11:28 [DiscoveryClient-HeartbeatExecutor-0] DEBUG o.s.web.client.RestTemplate - Response 200 OK
2026-05-16 22:11:28 [DiscoveryClient-CacheRefreshExecutor-0] DEBUG o.s.web.client.RestTemplate - Response 200 OK
2026-05-16 22:11:28 [DiscoveryClient-CacheRefreshExecutor-0] DEBUG o.s.web.client.RestTemplate - Reading to [org.springframework.cloud.netflix.eureka.http.EurekaApplications]
2026-05-16 22:11:58 [DiscoveryClient-HeartbeatExecutor-0] DEBUG o.s.web.client.RestTemplate - HTTP PUT http://localhost:8761/eureka/apps/BANK-AUTH-SERVICE/BANK-AUTH-SERVICE:8081?status=UP&lastDirtyTimestamp=1778945138154
2026-05-16 22:11:58 [DiscoveryClient-HeartbeatExecutor-0] DEBUG o.s.web.client.RestTemplate - Accept=[application/json, application/*+json]
2026-05-16 22:11:58 [DiscoveryClient-CacheRefreshExecutor-0] DEBUG o.s.web.client.RestTemplate - HTTP GET http://localhost:8761/eureka/apps/delta
2026-05-16 22:11:58 [DiscoveryClient-CacheRefreshExecutor-0] DEBUG o.s.web.client.RestTemplate - Accept=[application/json, application/*+json]
2026-05-16 22:11:58 [DiscoveryClient-HeartbeatExecutor-0] DEBUG o.s.web.client.RestTemplate - Response 200 OK
2026-05-16 22:11:58 [DiscoveryClient-CacheRefreshExecutor-0] DEBUG o.s.web.client.RestTemplate - Response 200 OK
2026-05-16 22:11:58 [DiscoveryClient-CacheRefreshExecutor-0] DEBUG o.s.web.client.RestTemplate - Reading to [org.springframework.cloud.netflix.eureka.http.EurekaApplications]
2026-05-16 22:12:28 [DiscoveryClient-HeartbeatExecutor-0] DEBUG o.s.web.client.RestTemplate - HTTP PUT http://localhost:8761/eureka/apps/BANK-AUTH-SERVICE/BANK-AUTH-SERVICE:8081?status=UP&lastDirtyTimestamp=1778945138154
2026-05-16 22:12:28 [DiscoveryClient-HeartbeatExecutor-0] DEBUG o.s.web.client.RestTemplate - Accept=[application/json, application/*+json]
2026-05-16 22:12:28 [DiscoveryClient-HeartbeatExecutor-0] DEBUG o.s.web.client.RestTemplate - Response 200 OK
2026-05-16 22:12:28 [DiscoveryClient-CacheRefreshExecutor-0] DEBUG o.s.web.client.RestTemplate - HTTP GET http://localhost:8761/eureka/apps/delta
2026-05-16 22:12:28 [DiscoveryClient-CacheRefreshExecutor-0] DEBUG o.s.web.client.RestTemplate - Accept=[application/json, application/*+json]
2026-05-16 22:12:28 [DiscoveryClient-CacheRefreshExecutor-0] DEBUG o.s.web.client.RestTemplate - Response 200 OK
2026-05-16 22:12:28 [DiscoveryClient-CacheRefreshExecutor-0] DEBUG o.s.web.client.RestTemplate - Reading to [org.springframework.cloud.netflix.eureka.http.EurekaApplications]
2026-05-16 22:12:58 [DiscoveryClient-HeartbeatExecutor-0] DEBUG o.s.web.client.RestTemplate - HTTP PUT http://localhost:8761/eureka/apps/BANK-AUTH-SERVICE/BANK-AUTH-SERVICE:8081?status=UP&lastDirtyTimestamp=1778945138154
2026-05-16 22:12:58 [DiscoveryClient-HeartbeatExecutor-0] DEBUG o.s.web.client.RestTemplate - Accept=[application/json, application/*+json]
2026-05-16 22:12:58 [DiscoveryClient-HeartbeatExecutor-0] DEBUG o.s.web.client.RestTemplate - Response 200 OK
2026-05-16 22:12:58 [DiscoveryClient-CacheRefreshExecutor-0] DEBUG o.s.web.client.RestTemplate - HTTP GET http://localhost:8761/eureka/apps/delta
2026-05-16 22:12:58 [DiscoveryClient-CacheRefreshExecutor-0] DEBUG o.s.web.client.RestTemplate - Accept=[application/json, application/*+json]
2026-05-16 22:12:58 [DiscoveryClient-CacheRefreshExecutor-0] DEBUG o.s.web.client.RestTemplate - Response 200 OK
2026-05-16 22:12:58 [DiscoveryClient-CacheRefreshExecutor-0] DEBUG o.s.web.client.RestTemplate - Reading to [org.springframework.cloud.netflix.eureka.http.EurekaApplications]
2026-05-16 22:13:28 [DiscoveryClient-CacheRefreshExecutor-0] DEBUG o.s.web.client.RestTemplate - HTTP GET http://localhost:8761/eureka/apps/delta
2026-05-16 22:13:28 [DiscoveryClient-HeartbeatExecutor-0] DEBUG o.s.web.client.RestTemplate - HTTP PUT http://localhost:8761/eureka/apps/BANK-AUTH-SERVICE/BANK-AUTH-SERVICE:8081?status=UP&lastDirtyTimestamp=1778945138154
2026-05-16 22:13:28 [DiscoveryClient-HeartbeatExecutor-0] DEBUG o.s.web.client.RestTemplate - Accept=[application/json, application/*+json]
2026-05-16 22:13:28 [DiscoveryClient-CacheRefreshExecutor-0] DEBUG o.s.web.client.RestTemplate - Accept=[application/json, application/*+json]
2026-05-16 22:13:28 [DiscoveryClient-HeartbeatExecutor-0] DEBUG o.s.web.client.RestTemplate - Response 200 OK
2026-05-16 22:13:28 [DiscoveryClient-CacheRefreshExecutor-0] DEBUG o.s.web.client.RestTemplate - Response 200 OK
2026-05-16 22:13:28 [DiscoveryClient-CacheRefreshExecutor-0] DEBUG o.s.web.client.RestTemplate - Reading to [org.springframework.cloud.netflix.eureka.http.EurekaApplications]
2026-05-16 22:13:58 [DiscoveryClient-HeartbeatExecutor-0] DEBUG o.s.web.client.RestTemplate - HTTP PUT http://localhost:8761/eureka/apps/BANK-AUTH-SERVICE/BANK-AUTH-SERVICE:8081?status=UP&lastDirtyTimestamp=1778945138154
2026-05-16 22:13:58 [DiscoveryClient-HeartbeatExecutor-0] DEBUG o.s.web.client.RestTemplate - Accept=[application/json, application/*+json]
2026-05-16 22:13:58 [DiscoveryClient-CacheRefreshExecutor-0] DEBUG o.s.web.client.RestTemplate - HTTP GET http://localhost:8761/eureka/apps/delta
2026-05-16 22:13:58 [DiscoveryClient-CacheRefreshExecutor-0] DEBUG o.s.web.client.RestTemplate - Accept=[application/json, application/*+json]
2026-05-16 22:13:58 [DiscoveryClient-HeartbeatExecutor-0] DEBUG o.s.web.client.RestTemplate - Response 200 OK
2026-05-16 22:13:58 [DiscoveryClient-CacheRefreshExecutor-0] DEBUG o.s.web.client.RestTemplate - Response 200 OK
2026-05-16 22:13:58 [DiscoveryClient-CacheRefreshExecutor-0] DEBUG o.s.web.client.RestTemplate - Reading to [org.springframework.cloud.netflix.eureka.http.EurekaApplications]
2026-05-16 22:14:28 [DiscoveryClient-HeartbeatExecutor-0] DEBUG o.s.web.client.RestTemplate - HTTP PUT http://localhost:8761/eureka/apps/BANK-AUTH-SERVICE/BANK-AUTH-SERVICE:8081?status=UP&lastDirtyTimestamp=1778945138154
2026-05-16 22:14:28 [DiscoveryClient-HeartbeatExecutor-0] DEBUG o.s.web.client.RestTemplate - Accept=[application/json, application/*+json]
2026-05-16 22:14:28 [DiscoveryClient-CacheRefreshExecutor-0] DEBUG o.s.web.client.RestTemplate - HTTP GET http://localhost:8761/eureka/apps/delta
2026-05-16 22:14:28 [DiscoveryClient-CacheRefreshExecutor-0] DEBUG o.s.web.client.RestTemplate - Accept=[application/json, application/*+json]
2026-05-16 22:14:28 [DiscoveryClient-HeartbeatExecutor-0] DEBUG o.s.web.client.RestTemplate - Response 200 OK
2026-05-16 22:14:28 [DiscoveryClient-CacheRefreshExecutor-0] DEBUG o.s.web.client.RestTemplate - Response 200 OK
2026-05-16 22:14:28 [DiscoveryClient-CacheRefreshExecutor-0] DEBUG o.s.web.client.RestTemplate - Reading to [org.springframework.cloud.netflix.eureka.http.EurekaApplications]
2026-05-16 22:17:01 [DiscoveryClient-HeartbeatExecutor-0] DEBUG o.s.web.client.RestTemplate - HTTP PUT http://localhost:8761/eureka/apps/BANK-AUTH-SERVICE/BANK-AUTH-SERVICE:8081?status=UP&lastDirtyTimestamp=1778945138154
2026-05-16 22:17:01 [DiscoveryClient-CacheRefreshExecutor-0] DEBUG o.s.web.client.RestTemplate - HTTP GET http://localhost:8761/eureka/apps/delta
2026-05-16 22:17:01 [DiscoveryClient-HeartbeatExecutor-0] DEBUG o.s.web.client.RestTemplate - Accept=[application/json, application/*+json]
2026-05-16 22:17:01 [DiscoveryClient-CacheRefreshExecutor-0] DEBUG o.s.web.client.RestTemplate - Accept=[application/json, application/*+json]
2026-05-16 22:17:01 [DiscoveryClient-CacheRefreshExecutor-0] DEBUG o.s.web.client.RestTemplate - Response 200 OK
2026-05-16 22:17:01 [DiscoveryClient-HeartbeatExecutor-0] DEBUG o.s.web.client.RestTemplate - Response 200 OK
2026-05-16 22:17:01 [DiscoveryClient-CacheRefreshExecutor-0] DEBUG o.s.web.client.RestTemplate - Reading to [org.springframework.cloud.netflix.eureka.http.EurekaApplications]
2026-05-16 22:17:15 [HikariPool-1 housekeeper] WARN  com.zaxxer.hikari.pool.HikariPool - HikariPool-1 - Thread starvation or clock leap detected (housekeeper delta=2m32s741ms980µs400ns).
2026-05-16 22:17:16 [RMI TCP Connection(14)-127.0.0.1] INFO  o.s.b.a.SpringApplicationAdminMXBeanRegistrar$SpringApplicationAdmin - Application shutdown requested.
2026-05-16 22:17:16 [RMI TCP Connection(14)-127.0.0.1] INFO  o.s.c.n.e.s.EurekaServiceRegistry - Unregistering application BANK-AUTH-SERVICE with eureka with status DOWN
2026-05-16 22:17:16 [RMI TCP Connection(14)-127.0.0.1] INFO  c.netflix.discovery.DiscoveryClient - Saw local status change event StatusChangeEvent [timestamp=1778950036439, current=DOWN, previous=UP]
2026-05-16 22:17:16 [DiscoveryClient-InstanceInfoReplicator-0] INFO  c.netflix.discovery.DiscoveryClient - DiscoveryClient_BANK-AUTH-SERVICE/BANK-AUTH-SERVICE:8081: registering service...
2026-05-16 22:17:16 [DiscoveryClient-InstanceInfoReplicator-0] DEBUG o.s.web.client.RestTemplate - HTTP POST http://localhost:8761/eureka/apps/BANK-AUTH-SERVICE
2026-05-16 22:17:16 [DiscoveryClient-InstanceInfoReplicator-0] DEBUG o.s.web.client.RestTemplate - Accept=[application/json, application/*+json]
2026-05-16 22:17:16 [DiscoveryClient-InstanceInfoReplicator-0] DEBUG o.s.web.client.RestTemplate - Writing [InstanceInfo [instanceId = BANK-AUTH-SERVICE:8081, appName = BANK-AUTH-SERVICE, hostName = 192.168.31.63, status = DOWN, ipAddr = 192.168.31.63, port = 8081, securePort = 443, dataCenterInfo = com.netflix.appinfo.MyDataCenterInfo@72523577] as "application/json"
2026-05-16 22:17:16 [RMI TCP Connection(14)-127.0.0.1] INFO  o.a.coyote.http11.Http11NioProtocol - Stopping ProtocolHandler ["http-nio-8081"]
2026-05-16 22:17:16 [DiscoveryClient-InstanceInfoReplicator-0] INFO  c.n.d.s.t.d.RedirectingEurekaHttpClient - Request execution error. endpoint=DefaultEndpoint{ serviceUrl='http://localhost:8761/eureka/} exception=I/O error on POST request for "http://localhost:8761/eureka/apps/BANK-AUTH-SERVICE": Socket closed stacktrace=org.springframework.web.client.ResourceAccessException: I/O error on POST request for "http://localhost:8761/eureka/apps/BANK-AUTH-SERVICE": Socket closed
	at org.springframework.web.client.RestTemplate.createResourceAccessException(RestTemplate.java:915)
	at org.springframework.web.client.RestTemplate.doExecute(RestTemplate.java:895)
	at org.springframework.web.client.RestTemplate.execute(RestTemplate.java:790)
	at org.springframework.web.client.RestTemplate.exchange(RestTemplate.java:672)
	at org.springframework.cloud.netflix.eureka.http.RestTemplateEurekaHttpClient.register(RestTemplateEurekaHttpClient.java:77)
	at com.netflix.discovery.shared.transport.decorator.EurekaHttpClientDecorator$1.execute(EurekaHttpClientDecorator.java:59)
	at com.netflix.discovery.shared.transport.decorator.RedirectingEurekaHttpClient.execute(RedirectingEurekaHttpClient.java:91)
	at com.netflix.discovery.shared.transport.decorator.EurekaHttpClientDecorator.register(EurekaHttpClientDecorator.java:56)
	at com.netflix.discovery.shared.transport.decorator.EurekaHttpClientDecorator$1.execute(EurekaHttpClientDecorator.java:59)
	at com.netflix.discovery.shared.transport.decorator.RetryableEurekaHttpClient.execute(RetryableEurekaHttpClient.java:120)
	at com.netflix.discovery.shared.transport.decorator.EurekaHttpClientDecorator.register(EurekaHttpClientDecorator.java:56)
	at com.netflix.discovery.shared.transport.decorator.EurekaHttpClientDecorator$1.execute(EurekaHttpClientDecorator.java:59)
	at com.netflix.discovery.shared.transport.decorator.SessionedEurekaHttpClient.execute(SessionedEurekaHttpClient.java:77)
	at com.netflix.discovery.shared.transport.decorator.EurekaHttpClientDecorator.register(EurekaHttpClientDecorator.java:56)
	at com.netflix.discovery.DiscoveryClient.register(DiscoveryClient.java:820)
	at com.netflix.discovery.InstanceInfoReplicator.run(InstanceInfoReplicator.java:121)
	at com.netflix.discovery.InstanceInfoReplicator$1.run(InstanceInfoReplicator.java:101)
	at java.base/java.util.concurrent.Executors$RunnableAdapter.call(Executors.java:572)
	at java.base/java.util.concurrent.FutureTask.run(FutureTask.java:317)
	at java.base/java.util.concurrent.ScheduledThreadPoolExecutor$ScheduledFutureTask.run(ScheduledThreadPoolExecutor.java:304)
	at java.base/java.util.concurrent.ThreadPoolExecutor.runWorker(ThreadPoolExecutor.java:1144)
	at java.base/java.util.concurrent.ThreadPoolExecutor$Worker.run(ThreadPoolExecutor.java:642)
	at java.base/java.lang.Thread.run(Thread.java:1583)
Caused by: java.net.SocketException: Socket closed
	at java.base/sun.nio.ch.NioSocketImpl.endConnect(NioSocketImpl.java:531)
	at java.base/sun.nio.ch.NioSocketImpl.connect(NioSocketImpl.java:604)
	at java.base/java.net.SocksSocketImpl.connect(SocksSocketImpl.java:327)
	at java.base/java.net.Socket.connect(Socket.java:751)
	at org.apache.hc.client5.http.socket.PlainConnectionSocketFactory.lambda$connectSocket$0(PlainConnectionSocketFactory.java:91)
	at java.base/java.security.AccessController.doPrivileged(AccessController.java:571)
	at org.apache.hc.client5.http.socket.PlainConnectionSocketFactory.connectSocket(PlainConnectionSocketFactory.java:90)
	at org.apache.hc.client5.http.socket.ConnectionSocketFactory.connectSocket(ConnectionSocketFactory.java:123)
	at org.apache.hc.client5.http.impl.io.DefaultHttpClientConnectionOperator.connect(DefaultHttpClientConnectionOperator.java:184)
	at org.apache.hc.client5.http.impl.io.PoolingHttpClientConnectionManager.connect(PoolingHttpClientConnectionManager.java:447)
	at org.apache.hc.client5.http.impl.classic.InternalExecRuntime.connectEndpoint(InternalExecRuntime.java:162)
	at org.apache.hc.client5.http.impl.classic.InternalExecRuntime.connectEndpoint(InternalExecRuntime.java:172)
	at org.apache.hc.client5.http.impl.classic.ConnectExec.execute(ConnectExec.java:142)
	at org.apache.hc.client5.http.impl.classic.ExecChainElement.execute(ExecChainElement.java:51)
	at org.apache.hc.client5.http.impl.classic.ProtocolExec.execute(ProtocolExec.java:192)
	at org.apache.hc.client5.http.impl.classic.ExecChainElement.execute(ExecChainElement.java:51)
	at org.apache.hc.client5.http.impl.classic.HttpRequestRetryExec.execute(HttpRequestRetryExec.java:96)
	at org.apache.hc.client5.http.impl.classic.ExecChainElement.execute(ExecChainElement.java:51)
	at org.apache.hc.client5.http.impl.classic.ContentCompressionExec.execute(ContentCompressionExec.java:152)
	at org.apache.hc.client5.http.impl.classic.ExecChainElement.execute(ExecChainElement.java:51)
	at org.apache.hc.client5.http.impl.classic.RedirectExec.execute(RedirectExec.java:115)
	at org.apache.hc.client5.http.impl.classic.ExecChainElement.execute(ExecChainElement.java:51)
	at org.apache.hc.client5.http.impl.classic.InternalHttpClient.doExecute(InternalHttpClient.java:170)
	at org.apache.hc.client5.http.impl.classic.CloseableHttpClient.execute(CloseableHttpClient.java:87)
	at org.apache.hc.client5.http.impl.classic.CloseableHttpClient.execute(CloseableHttpClient.java:55)
	at org.apache.hc.client5.http.classic.HttpClient.executeOpen(HttpClient.java:183)
	at org.springframework.http.client.HttpComponentsClientHttpRequest.executeInternal(HttpComponentsClientHttpRequest.java:95)
	at org.springframework.http.client.AbstractStreamingClientHttpRequest.executeInternal(AbstractStreamingClientHttpRequest.java:70)
	at org.springframework.http.client.AbstractClientHttpRequest.execute(AbstractClientHttpRequest.java:66)
	at org.springframework.http.client.InterceptingClientHttpRequest$InterceptingRequestExecution.execute(InterceptingClientHttpRequest.java:112)
	at org.springframework.cloud.netflix.eureka.http.RestTemplateTransportClientFactory.lambda$restTemplate$0(RestTemplateTransportClientFactory.java:143)
	at org.springframework.http.client.InterceptingClientHttpRequest$InterceptingRequestExecution.execute(InterceptingClientHttpRequest.java:88)
	at org.springframework.http.client.InterceptingClientHttpRequest.executeInternal(InterceptingClientHttpRequest.java:72)
	at org.springframework.http.client.AbstractBufferingClientHttpRequest.executeInternal(AbstractBufferingClientHttpRequest.java:48)
	at org.springframework.http.client.AbstractClientHttpRequest.execute(AbstractClientHttpRequest.java:66)
	at org.springframework.web.client.RestTemplate.doExecute(RestTemplate.java:889)
	... 21 more

2026-05-16 22:17:16 [DiscoveryClient-InstanceInfoReplicator-0] WARN  c.n.d.s.t.d.RetryableEurekaHttpClient - Request execution failed with message: I/O error on POST request for "http://localhost:8761/eureka/apps/BANK-AUTH-SERVICE": Socket closed
2026-05-16 22:17:16 [RMI TCP Connection(14)-127.0.0.1] INFO  o.s.o.j.LocalContainerEntityManagerFactoryBean - Closing JPA EntityManagerFactory for persistence unit 'default'
2026-05-16 22:17:16 [DiscoveryClient-InstanceInfoReplicator-0] DEBUG o.s.web.client.RestTemplate - HTTP POST http://localhost:8761/eureka/apps/BANK-AUTH-SERVICE
2026-05-16 22:17:16 [DiscoveryClient-InstanceInfoReplicator-0] DEBUG o.s.web.client.RestTemplate - Accept=[application/json, application/*+json]
2026-05-16 22:17:16 [DiscoveryClient-InstanceInfoReplicator-0] DEBUG o.s.web.client.RestTemplate - Writing [InstanceInfo [instanceId = BANK-AUTH-SERVICE:8081, appName = BANK-AUTH-SERVICE, hostName = 192.168.31.63, status = DOWN, ipAddr = 192.168.31.63, port = 8081, securePort = 443, dataCenterInfo = com.netflix.appinfo.MyDataCenterInfo@72523577] as "application/json"
2026-05-16 22:17:16 [RMI TCP Connection(14)-127.0.0.1] INFO  com.zaxxer.hikari.HikariDataSource - HikariPool-1 - Shutdown initiated...
2026-05-16 22:17:16 [DiscoveryClient-InstanceInfoReplicator-0] INFO  c.n.d.s.t.d.RedirectingEurekaHttpClient - Request execution error. endpoint=DefaultEndpoint{ serviceUrl='http://localhost:8761/eureka/}, exception=Connection pool shut down stacktrace=java.lang.IllegalStateException: Connection pool shut down
	at org.apache.hc.core5.util.Asserts.check(Asserts.java:38)
	at org.apache.hc.core5.pool.StrictConnPool.lease(StrictConnPool.java:176)
	at org.apache.hc.client5.http.impl.io.PoolingHttpClientConnectionManager.lease(PoolingHttpClientConnectionManager.java:298)
	at org.apache.hc.client5.http.impl.classic.InternalExecRuntime.acquireEndpoint(InternalExecRuntime.java:103)
	at org.apache.hc.client5.http.impl.classic.ConnectExec.execute(ConnectExec.java:125)
	at org.apache.hc.client5.http.impl.classic.ExecChainElement.execute(ExecChainElement.java:51)
	at org.apache.hc.client5.http.impl.classic.ProtocolExec.execute(ProtocolExec.java:192)
	at org.apache.hc.client5.http.impl.classic.ExecChainElement.execute(ExecChainElement.java:51)
	at org.apache.hc.client5.http.impl.classic.HttpRequestRetryExec.execute(HttpRequestRetryExec.java:96)
	at org.apache.hc.client5.http.impl.classic.ExecChainElement.execute(ExecChainElement.java:51)
	at org.apache.hc.client5.http.impl.classic.ContentCompressionExec.execute(ContentCompressionExec.java:152)
	at org.apache.hc.client5.http.impl.classic.ExecChainElement.execute(ExecChainElement.java:51)
	at org.apache.hc.client5.http.impl.classic.RedirectExec.execute(RedirectExec.java:115)
	at org.apache.hc.client5.http.impl.classic.ExecChainElement.execute(ExecChainElement.java:51)
	at org.apache.hc.client5.http.impl.classic.InternalHttpClient.doExecute(InternalHttpClient.java:170)
	at org.apache.hc.client5.http.impl.classic.CloseableHttpClient.execute(CloseableHttpClient.java:87)
	at org.apache.hc.client5.http.impl.classic.CloseableHttpClient.execute(CloseableHttpClient.java:55)
	at org.apache.hc.client5.http.classic.HttpClient.executeOpen(HttpClient.java:183)
	at org.springframework.http.client.HttpComponentsClientHttpRequest.executeInternal(HttpComponentsClientHttpRequest.java:95)
	at org.springframework.http.client.AbstractStreamingClientHttpRequest.executeInternal(AbstractStreamingClientHttpRequest.java:70)
	at org.springframework.http.client.AbstractClientHttpRequest.execute(AbstractClientHttpRequest.java:66)
	at org.springframework.http.client.InterceptingClientHttpRequest$InterceptingRequestExecution.execute(InterceptingClientHttpRequest.java:112)
	at org.springframework.cloud.netflix.eureka.http.RestTemplateTransportClientFactory.lambda$restTemplate$0(RestTemplateTransportClientFactory.java:143)
	at org.springframework.http.client.InterceptingClientHttpRequest$InterceptingRequestExecution.execute(InterceptingClientHttpRequest.java:88)
	at org.springframework.http.client.InterceptingClientHttpRequest.executeInternal(InterceptingClientHttpRequest.java:72)
	at org.springframework.http.client.AbstractBufferingClientHttpRequest.executeInternal(AbstractBufferingClientHttpRequest.java:48)
	at org.springframework.http.client.AbstractClientHttpRequest.execute(AbstractClientHttpRequest.java:66)
	at org.springframework.web.client.RestTemplate.doExecute(RestTemplate.java:889)
	at org.springframework.web.client.RestTemplate.execute(RestTemplate.java:790)
	at org.springframework.web.client.RestTemplate.exchange(RestTemplate.java:672)
	at org.springframework.cloud.netflix.eureka.http.RestTemplateEurekaHttpClient.register(RestTemplateEurekaHttpClient.java:77)
	at com.netflix.discovery.shared.transport.decorator.EurekaHttpClientDecorator$1.execute(EurekaHttpClientDecorator.java:59)
	at com.netflix.discovery.shared.transport.decorator.RedirectingEurekaHttpClient.executeOnNewServer(RedirectingEurekaHttpClient.java:121)
	at com.netflix.discovery.shared.transport.decorator.RedirectingEurekaHttpClient.execute(RedirectingEurekaHttpClient.java:80)
	at com.netflix.discovery.shared.transport.decorator.EurekaHttpClientDecorator.register(EurekaHttpClientDecorator.java:56)
	at com.netflix.discovery.shared.transport.decorator.EurekaHttpClientDecorator$1.execute(EurekaHttpClientDecorator.java:59)
	at com.netflix.discovery.shared.transport.decorator.RetryableEurekaHttpClient.execute(RetryableEurekaHttpClient.java:120)
	at com.netflix.discovery.shared.transport.decorator.EurekaHttpClientDecorator.register(EurekaHttpClientDecorator.java:56)
	at com.netflix.discovery.shared.transport.decorator.EurekaHttpClientDecorator$1.execute(EurekaHttpClientDecorator.java:59)
	at com.netflix.discovery.shared.transport.decorator.SessionedEurekaHttpClient.execute(SessionedEurekaHttpClient.java:77)
	at com.netflix.discovery.shared.transport.decorator.EurekaHttpClientDecorator.register(EurekaHttpClientDecorator.java:56)
	at com.netflix.discovery.DiscoveryClient.register(DiscoveryClient.java:820)
	at com.netflix.discovery.InstanceInfoReplicator.run(InstanceInfoReplicator.java:121)
	at com.netflix.discovery.InstanceInfoReplicator$1.run(InstanceInfoReplicator.java:101)
	at java.base/java.util.concurrent.Executors$RunnableAdapter.call(Executors.java:572)
	at java.base/java.util.concurrent.FutureTask.run(FutureTask.java:317)
	at java.base/java.util.concurrent.ScheduledThreadPoolExecutor$ScheduledFutureTask.run(ScheduledThreadPoolExecutor.java:304)
	at java.base/java.util.concurrent.ThreadPoolExecutor.runWorker(ThreadPoolExecutor.java:1144)
	at java.base/java.util.concurrent.ThreadPoolExecutor$Worker.run(ThreadPoolExecutor.java:642)
	at java.base/java.lang.Thread.run(Thread.java:1583)

2026-05-16 22:17:16 [DiscoveryClient-InstanceInfoReplicator-0] WARN  c.n.d.s.t.d.RetryableEurekaHttpClient - Request execution failed with message: Connection pool shut down
2026-05-16 22:17:16 [DiscoveryClient-InstanceInfoReplicator-0] WARN  c.netflix.discovery.DiscoveryClient - DiscoveryClient_BANK-AUTH-SERVICE/BANK-AUTH-SERVICE:8081 - registration failed Cannot execute request on any known server
com.netflix.discovery.shared.transport.TransportException: Cannot execute request on any known server
	at com.netflix.discovery.shared.transport.decorator.RetryableEurekaHttpClient.execute(RetryableEurekaHttpClient.java:112)
	at com.netflix.discovery.shared.transport.decorator.EurekaHttpClientDecorator.register(EurekaHttpClientDecorator.java:56)
	at com.netflix.discovery.shared.transport.decorator.EurekaHttpClientDecorator$1.execute(EurekaHttpClientDecorator.java:59)
	at com.netflix.discovery.shared.transport.decorator.SessionedEurekaHttpClient.execute(SessionedEurekaHttpClient.java:77)
	at com.netflix.discovery.shared.transport.decorator.EurekaHttpClientDecorator.register(EurekaHttpClientDecorator.java:56)
	at com.netflix.discovery.DiscoveryClient.register(DiscoveryClient.java:820)
	at com.netflix.discovery.InstanceInfoReplicator.run(InstanceInfoReplicator.java:121)
	at com.netflix.discovery.InstanceInfoReplicator$1.run(InstanceInfoReplicator.java:101)
	at java.base/java.util.concurrent.Executors$RunnableAdapter.call(Executors.java:572)
	at java.base/java.util.concurrent.FutureTask.run(FutureTask.java:317)
	at java.base/java.util.concurrent.ScheduledThreadPoolExecutor$ScheduledFutureTask.run(ScheduledThreadPoolExecutor.java:304)
	at java.base/java.util.concurrent.ThreadPoolExecutor.runWorker(ThreadPoolExecutor.java:1144)
	at java.base/java.util.concurrent.ThreadPoolExecutor$Worker.run(ThreadPoolExecutor.java:642)
	at java.base/java.lang.Thread.run(Thread.java:1583)
2026-05-16 22:17:16 [DiscoveryClient-InstanceInfoReplicator-0] WARN  c.n.discovery.InstanceInfoReplicator - There was a problem with the instance info replicator
com.netflix.discovery.shared.transport.TransportException: Cannot execute request on any known server
	at com.netflix.discovery.shared.transport.decorator.RetryableEurekaHttpClient.execute(RetryableEurekaHttpClient.java:112)
	at com.netflix.discovery.shared.transport.decorator.EurekaHttpClientDecorator.register(EurekaHttpClientDecorator.java:56)
	at com.netflix.discovery.shared.transport.decorator.EurekaHttpClientDecorator$1.execute(EurekaHttpClientDecorator.java:59)
	at com.netflix.discovery.shared.transport.decorator.SessionedEurekaHttpClient.execute(SessionedEurekaHttpClient.java:77)
	at com.netflix.discovery.shared.transport.decorator.EurekaHttpClientDecorator.register(EurekaHttpClientDecorator.java:56)
	at com.netflix.discovery.DiscoveryClient.register(DiscoveryClient.java:820)
	at com.netflix.discovery.InstanceInfoReplicator.run(InstanceInfoReplicator.java:121)
	at com.netflix.discovery.InstanceInfoReplicator$1.run(InstanceInfoReplicator.java:101)
	at java.base/java.util.concurrent.Executors$RunnableAdapter.call(Executors.java:572)
	at java.base/java.util.concurrent.FutureTask.run(FutureTask.java:317)
	at java.base/java.util.concurrent.ScheduledThreadPoolExecutor$ScheduledFutureTask.run(ScheduledThreadPoolExecutor.java:304)
	at java.base/java.util.concurrent.ThreadPoolExecutor.runWorker(ThreadPoolExecutor.java:1144)
	at java.base/java.util.concurrent.ThreadPoolExecutor$Worker.run(ThreadPoolExecutor.java:642)
	at java.base/java.lang.Thread.run(Thread.java:1583)
2026-05-16 22:17:16 [RMI TCP Connection(14)-127.0.0.1] INFO  com.zaxxer.hikari.HikariDataSource - HikariPool-1 - Shutdown completed.
2026-05-16 22:17:16 [RMI TCP Connection(14)-127.0.0.1] INFO  c.netflix.discovery.DiscoveryClient - Shutting down DiscoveryClient ...
